Log file open, 10/14/19 19:47:00
LogWindows: Failed to load 'aqProf.dll' (GetLastError=126)
LogWindows: File 'aqProf.dll' does not exist
LogWindows: Failed to load 'VtuneApi.dll' (GetLastError=126)
LogWindows: File 'VtuneApi.dll' does not exist
LogWindows: Failed to load 'VtuneApi32e.dll' (GetLastError=126)
LogWindows: File 'VtuneApi32e.dll' does not exist
LogConsoleResponse: Display: Failed to find resolution value strings in scalability ini. Falling back to default.
LogInit: Display: Running engine for game: ArchVisDemo
LogPlatformFile: Not using cached read wrapper
LogTaskGraph: Started task graph with 5 named threads and 23 total threads with 3 sets of task threads.
LogStats: Stats thread started at 0.082900
LogD3D11RHI: Loaded GFSDK_Aftermath_Lib.x64.dll
LogICUInternationalization: ICU TimeZone Detection - Raw Offset: +1:00, Platform Override: ''
LogPluginManager: Mounting plugin Paper2D
LogPluginManager: Mounting plugin AISupport
LogPluginManager: Mounting plugin LightPropagationVolume
LogPluginManager: Mounting plugin ActorLayerUtilities
LogPluginManager: Mounting plugin AnimationSharing
LogPluginManager: Mounting plugin CLionSourceCodeAccess
LogPluginManager: Mounting plugin CodeLiteSourceCodeAccess
LogPluginManager: Mounting plugin GitSourceControl
LogPluginManager: Mounting plugin KDevelopSourceCodeAccess
LogPluginManager: Mounting plugin NullSourceCodeAccess
LogPluginManager: Mounting plugin PerforceSourceControl
LogPluginManager: Mounting plugin SubversionSourceControl
LogPluginManager: Mounting plugin UObjectPlugin
LogPluginManager: Mounting plugin VisualStudioCodeSourceCodeAccess
LogPluginManager: Mounting plugin VisualStudioSourceCodeAccess
LogPluginManager: Mounting plugin XCodeSourceCodeAccess
LogPluginManager: Mounting plugin AssetManagerEditor
LogPluginManager: Mounting plugin CryptoKeys
LogPluginManager: Mounting plugin CurveEditorTools
LogPluginManager: Mounting plugin DataValidation
LogPluginManager: Mounting plugin FacialAnimation
LogPluginManager: Mounting plugin GameplayTagsEditor
LogPluginManager: Mounting plugin MacGraphicsSwitching
LogPluginManager: Mounting plugin MaterialAnalyzer
LogPluginManager: Mounting plugin MobileLauncherProfileWizard
LogPluginManager: Mounting plugin PluginBrowser
LogPluginManager: Mounting plugin SpeedTreeImporter
LogPluginManager: Mounting plugin DatasmithContent
LogPluginManager: Mounting plugin VariantManagerContent
LogPluginManager: Mounting plugin AlembicImporter
LogPluginManager: Mounting plugin AutomationUtils
LogPluginManager: Mounting plugin BackChannel
LogPluginManager: Mounting plugin CharacterAI
LogPluginManager: Mounting plugin GeometryCache
LogPluginManager: Mounting plugin HTML5Networking
LogPluginManager: Mounting plugin PlatformCrypto
LogPluginManager: Mounting plugin ProxyLODPlugin
LogPluginManager: Mounting plugin SkeletalReduction
LogPluginManager: Mounting plugin MagicLeap
LogPluginManager: Mounting plugin MagicLeapMedia
LogPluginManager: Mounting plugin AndroidMedia
LogPluginManager: Mounting plugin AvfMedia
LogPluginManager: Mounting plugin ImgMedia
LogPluginManager: Mounting plugin MediaCompositing
LogPluginManager: Mounting plugin MediaPlayerEditor
LogPluginManager: Mounting plugin WebMMedia
LogPluginManager: Mounting plugin WmfMedia
LogPluginManager: Mounting plugin TcpMessaging
LogPluginManager: Mounting plugin UdpMessaging
LogPluginManager: Mounting plugin ActorSequence
LogPluginManager: Mounting plugin LevelSequenceEditor
LogPluginManager: Mounting plugin MatineeToLevelSequence
LogPluginManager: Mounting plugin NetcodeUnitTest
LogPluginManager: Mounting plugin NUTUnrealEngine4
LogPluginManager: Mounting plugin OnlineSubsystemGooglePlay
LogPluginManager: Mounting plugin OnlineSubsystemIOS
LogPluginManager: Mounting plugin OnlineSubsystem
LogPluginManager: Mounting plugin OnlineSubsystemNull
LogPluginManager: Mounting plugin OnlineSubsystemUtils
LogPluginManager: Mounting plugin LauncherChunkInstaller
LogPluginManager: Mounting plugin AndroidDeviceProfileSelector
LogPluginManager: Mounting plugin AndroidMoviePlayer
LogPluginManager: Mounting plugin AndroidPermission
LogPluginManager: Mounting plugin AppleImageUtils
LogPluginManager: Mounting plugin AppleMoviePlayer
LogPluginManager: Mounting plugin ArchVisCharacter
LogPluginManager: Mounting plugin AudioCapture
LogPluginManager: Mounting plugin CableComponent
LogPluginManager: Mounting plugin CustomMeshComponent
LogPluginManager: Mounting plugin EditableMesh
LogPluginManager: Mounting plugin ExampleDeviceProfileSelector
LogPluginManager: Mounting plugin GoogleCloudMessaging
LogPluginManager: Mounting plugin IOSDeviceProfileSelector
LogPluginManager: Mounting plugin LinuxDeviceProfileSelector
LogPluginManager: Mounting plugin LocationServicesBPLibrary
LogPluginManager: Mounting plugin MobilePatchingUtils
LogPluginManager: Mounting plugin OculusVR
LogPluginManager: Mounting plugin PhysXVehicles
LogPluginManager: Mounting plugin ProceduralMeshComponent
LogPluginManager: Mounting plugin RuntimePhysXCooking
LogPluginManager: Mounting plugin SignificanceManager
LogPluginManager: Mounting plugin SteamVR
LogPluginManager: Mounting plugin WebMMoviePlayer
LogPluginManager: Mounting plugin WindowsMoviePlayer
LogPluginManager: Mounting plugin ScreenshotTools
LogInit: Using libcurl 7.55.1-DEV
LogInit:  - built for x86_64-pc-win32
LogInit:  - supports SSL with OpenSSL/1.1.1
LogInit:  - supports HTTP deflate (compression) using libz 1.2.8
LogInit:  - other features:
LogInit:      CURL_VERSION_SSL
LogInit:      CURL_VERSION_LIBZ
LogInit:      CURL_VERSION_IPV6
LogInit:      CURL_VERSION_ASYNCHDNS
LogInit:      CURL_VERSION_LARGEFILE
LogInit:      CURL_VERSION_IDN
LogInit:  CurlRequestOptions (configurable via config and command line):
LogInit:  - bVerifyPeer = true  - Libcurl will verify peer certificate
LogInit:  - bUseHttpProxy = false  - Libcurl will NOT use HTTP proxy
LogInit:  - bDontReuseConnections = false  - Libcurl will reuse connections
LogInit:  - MaxHostConnections = 16  - Libcurl will limit the number of connections to a host
LogInit:  - LocalHostAddr = Default
LogInit:  - BufferSize = 65536
LogOnline: OSS: Creating online subsystem instance for: NULL
LogInit: WinSock: version 1.1 (2.2), MaxSocks=32767, MaxUdp=65467
LogInit: Build: ++UE4+Release-4.23-CL-8386587
LogInit: Engine Version: 4.23.0-8386587+++UE4+Release-4.23
LogInit: Compatible Engine Version: 4.23.0-8386587+++UE4+Release-4.23
LogInit: Net CL: 8386587
LogInit: OS: Windows 10 (Release 1903) (), CPU: Intel(R) Core(TM) i7-6700HQ CPU @ 2.60GHz, GPU: NVIDIA GeForce GTX 1060
LogInit: Compiled (64-bit): Aug 31 2019 02:04:44
LogInit: Compiled with Visual C++: 19.16.27030.01
LogInit: Build Configuration: Development
LogInit: Branch Name: ++UE4+Release-4.23
LogInit: Command Line: 
LogInit: Base Directory: D:/Programmer/Epic Games/UE_4.23/Engine/Binaries/Win64/
LogInit: Installed Engine Build: 1
LogDevObjectVersion: Number of dev versions registered: 23
LogDevObjectVersion:   Dev-Blueprints (B0D832E4-1F89-4F0D-ACCF-7EB736FD4AA2): 10
LogDevObjectVersion:   Dev-Build (E1C64328-A22C-4D53-A36C-8E866417BD8C): 0
LogDevObjectVersion:   Dev-Core (375EC13C-06E4-48FB-B500-84F0262A717E): 3
LogDevObjectVersion:   Dev-Editor (E4B068ED-F494-42E9-A231-DA0B2E46BB41): 34
LogDevObjectVersion:   Dev-Framework (CFFC743F-43B0-4480-9391-14DF171D2073): 35
LogDevObjectVersion:   Dev-Mobile (B02B49B5-BB20-44E9-A304-32B752E40360): 2
LogDevObjectVersion:   Dev-Networking (A4E4105C-59A1-49B5-A7C5-40C4547EDFEE): 0
LogDevObjectVersion:   Dev-Online (39C831C9-5AE6-47DC-9A44-9C173E1C8E7C): 0
LogDevObjectVersion:   Dev-Physics (78F01B33-EBEA-4F98-B9B4-84EACCB95AA2): 0
LogDevObjectVersion:   Dev-Platform (6631380F-2D4D-43E0-8009-CF276956A95A): 0
LogDevObjectVersion:   Dev-Rendering (12F88B9F-8875-4AFC-A67C-D90C383ABD29): 31
LogDevObjectVersion:   Dev-Sequencer (7B5AE74C-D270-4C10-A958-57980B212A5A): 11
LogDevObjectVersion:   Dev-VR (D7296918-1DD6-4BDD-9DE2-64A83CC13884): 2
LogDevObjectVersion:   Dev-LoadTimes (C2A15278-BFE7-4AFE-6C17-90FF531DF755): 1
LogDevObjectVersion:   Private-Geometry (6EACA3D4-40EC-4CC1-B786-8BED09428FC5): 3
LogDevObjectVersion:   Dev-AnimPhys (29E575DD-E0A3-4627-9D10-D276232CDCEA): 17
LogDevObjectVersion:   Dev-Anim (AF43A65D-7FD3-4947-9873-3E8ED9C1BB05): 2
LogDevObjectVersion:   Dev-ReflectionCapture (6B266CEC-1EC7-4B8F-A30B-E4D90942FC07): 1
LogDevObjectVersion:   Dev-Automation (0DF73D61-A23F-47EA-B727-89E90C41499A): 1
LogDevObjectVersion:   FortniteMain (601D1886-AC64-4F84-AA16-D3DE0DEAC7D6): 27
LogDevObjectVersion:   Dev-Enterprise (9DFFBCD6-494F-0158-E221-12823C92A888): 6
LogDevObjectVersion:   Dev-Niagara (F2AED0AC-9AFE-416F-8664-AA7FFA26D6FC): 1
LogDevObjectVersion:   Dev-Destruction (174F1F0B-B4C6-45A5-B13F-2EE8D0FB917D): 9
LogInit: Presizing for max 16777216 objects, including 0 objects not considered by GC, pre-allocating 0 bytes for permanent pool.
LogInit: Object subsystem initialized
LogConfig: Setting CVar [[con.DebugEarlyDefault:1]]
LogConfig: Setting CVar [[r.setres:1280x720]]
[2019.10.14-17.47.00:420][  0]LogConfig: Setting CVar [[r.VSync:0]]
[2019.10.14-17.47.00:420][  0]LogConfig: Setting CVar [[r.RHICmdBypass:0]]
[2019.10.14-17.47.00:420][  0]LogConfig: Applying CVar settings from Section [/Script/Engine.RendererSettings] File [D:/Github/ArchVisDemoV2/Saved/Config/Windows/Engine.ini]
[2019.10.14-17.47.00:420][  0]LogConfig: Setting CVar [[r.GPUCrashDebugging:0]]
[2019.10.14-17.47.00:420][  0]LogConfig: Applying CVar settings from Section [/Script/Engine.RendererOverrideSettings] File [D:/Github/ArchVisDemoV2/Saved/Config/Windows/Engine.ini]
[2019.10.14-17.47.00:420][  0]LogConfig: Applying CVar settings from Section [/Script/Engine.StreamingSettings] File [D:/Github/ArchVisDemoV2/Saved/Config/Windows/Engine.ini]
[2019.10.14-17.47.00:420][  0]LogConfig: Setting CVar [[s.MinBulkDataSizeForAsyncLoading:131072]]
[2019.10.14-17.47.00:420][  0]LogConfig: Setting CVar [[s.AsyncLoadingThreadEnabled:0]]
[2019.10.14-17.47.00:420][  0]LogConfig: Setting CVar [[s.EventDrivenLoaderEnabled:1]]
[2019.10.14-17.47.00:420][  0]LogConfig: Setting CVar [[s.WarnIfTimeLimitExceeded:0]]
[2019.10.14-17.47.00:420][  0]LogConfig: Setting CVar [[s.TimeLimitExceededMultiplier:1.5]]
[2019.10.14-17.47.00:420][  0]LogConfig: Setting CVar [[s.TimeLimitExceededMinTime:0.005]]
[2019.10.14-17.47.00:420][  0]LogConfig: Setting CVar [[s.UseBackgroundLevelStreaming:1]]
[2019.10.14-17.47.00:420][  0]LogConfig: Setting CVar [[s.PriorityAsyncLoadingExtraTime:15.0]]
[2019.10.14-17.47.00:420][  0]LogConfig: Setting CVar [[s.LevelStreamingActorsUpdateTimeLimit:5.0]]
[2019.10.14-17.47.00:420][  0]LogConfig: Setting CVar [[s.PriorityLevelStreamingActorsUpdateExtraTime:5.0]]
[2019.10.14-17.47.00:420][  0]LogConfig: Setting CVar [[s.LevelStreamingComponentsRegistrationGranularity:10]]
[2019.10.14-17.47.00:420][  0]LogConfig: Setting CVar [[s.UnregisterComponentsTimeLimit:1.0]]
[2019.10.14-17.47.00:420][  0]LogConfig: Setting CVar [[s.LevelStreamingComponentsUnregistrationGranularity:5]]
[2019.10.14-17.47.00:420][  0]LogConfig: Applying CVar settings from Section [/Script/Engine.GarbageCollectionSettings] File [D:/Github/ArchVisDemoV2/Saved/Config/Windows/Engine.ini]
[2019.10.14-17.47.00:420][  0]LogConfig: Setting CVar [[gc.MaxObjectsNotConsideredByGC:1]]
[2019.10.14-17.47.00:420][  0]LogConfig: Setting CVar [[gc.SizeOfPermanentObjectPool:0]]
[2019.10.14-17.47.00:420][  0]LogConfig: Setting CVar [[gc.FlushStreamingOnGC:0]]
[2019.10.14-17.47.00:420][  0]LogConfig: Setting CVar [[gc.NumRetriesBeforeForcingGC:10]]
[2019.10.14-17.47.00:420][  0]LogConfig: Setting CVar [[gc.AllowParallelGC:1]]
[2019.10.14-17.47.00:420][  0]LogConfig: Setting CVar [[gc.TimeBetweenPurgingPendingKillObjects:61.1]]
[2019.10.14-17.47.00:420][  0]LogConfig: Setting CVar [[gc.MaxObjectsInEditor:16777216]]
[2019.10.14-17.47.00:420][  0]LogConfig: Setting CVar [[gc.IncrementalBeginDestroyEnabled:1]]
[2019.10.14-17.47.00:420][  0]LogConfig: Setting CVar [[gc.CreateGCClusters:1]]
[2019.10.14-17.47.00:420][  0]LogConfig: Setting CVar [[gc.MinGCClusterSize:5]]
[2019.10.14-17.47.00:420][  0]LogConfig: Setting CVar [[gc.ActorClusteringEnabled:0]]
[2019.10.14-17.47.00:420][  0]LogConfig: Setting CVar [[gc.BlueprintClusteringEnabled:0]]
[2019.10.14-17.47.00:420][  0]LogConfig: Setting CVar [[gc.UseDisregardForGCOnDedicatedServers:0]]
[2019.10.14-17.47.00:420][  0]LogConfig: Applying CVar settings from Section [/Script/Engine.NetworkSettings] File [D:/Github/ArchVisDemoV2/Saved/Config/Windows/Engine.ini]
[2019.10.14-17.47.00:420][  0]LogConfig: Applying CVar settings from Section [/Script/UnrealEd.CookerSettings] File [D:/Github/ArchVisDemoV2/Saved/Config/Windows/Engine.ini]
[2019.10.14-17.47.00:423][  0]LogConfig: Applying CVar settings from Section [ViewDistanceQuality@3] File [D:/Github/ArchVisDemoV2/Saved/Config/Windows/Scalability.ini]
[2019.10.14-17.47.00:423][  0]LogConfig: Setting CVar [[r.SkeletalMeshLODBias:0]]
[2019.10.14-17.47.00:423][  0]LogConfig: Setting CVar [[r.ViewDistanceScale:1.0]]
[2019.10.14-17.47.00:423][  0]LogConfig: Applying CVar settings from Section [AntiAliasingQuality@3] File [D:/Github/ArchVisDemoV2/Saved/Config/Windows/Scalability.ini]
[2019.10.14-17.47.00:423][  0]LogConfig: Setting CVar [[r.PostProcessAAQuality:4]]
[2019.10.14-17.47.00:423][  0]LogConfig: Applying CVar settings from Section [ShadowQuality@3] File [D:/Github/ArchVisDemoV2/Saved/Config/Windows/Scalability.ini]
[2019.10.14-17.47.00:423][  0]LogConfig: Setting CVar [[r.LightFunctionQuality:1]]
[2019.10.14-17.47.00:423][  0]LogConfig: Setting CVar [[r.ShadowQuality:5]]
[2019.10.14-17.47.00:423][  0]LogConfig: Setting CVar [[r.Shadow.CSM.MaxCascades:10]]
[2019.10.14-17.47.00:423][  0]LogConfig: Setting CVar [[r.Shadow.MaxResolution:2048]]
[2019.10.14-17.47.00:423][  0]LogConfig: Setting CVar [[r.Shadow.MaxCSMResolution:2048]]
[2019.10.14-17.47.00:423][  0]LogConfig: Setting CVar [[r.Shadow.RadiusThreshold:0.01]]
[2019.10.14-17.47.00:423][  0]LogConfig: Setting CVar [[r.Shadow.DistanceScale:1.0]]
[2019.10.14-17.47.00:423][  0]LogConfig: Setting CVar [[r.Shadow.CSM.TransitionScale:1.0]]
[2019.10.14-17.47.00:423][  0]LogConfig: Setting CVar [[r.Shadow.PreShadowResolutionFactor:1.0]]
[2019.10.14-17.47.00:423][  0]LogConfig: Setting CVar [[r.DistanceFieldShadowing:1]]
[2019.10.14-17.47.00:423][  0]LogConfig: Setting CVar [[r.DistanceFieldAO:1]]
[2019.10.14-17.47.00:423][  0]LogConfig: Setting CVar [[r.AOQuality:2]]
[2019.10.14-17.47.00:423][  0]LogConfig: Setting CVar [[r.VolumetricFog:1]]
[2019.10.14-17.47.00:423][  0]LogConfig: Setting CVar [[r.VolumetricFog.GridPixelSize:8]]
[2019.10.14-17.47.00:423][  0]LogConfig: Setting CVar [[r.VolumetricFog.GridSizeZ:128]]
[2019.10.14-17.47.00:423][  0]LogConfig: Setting CVar [[r.VolumetricFog.HistoryMissSupersampleCount:4]]
[2019.10.14-17.47.00:423][  0]LogConfig: Setting CVar [[r.LightMaxDrawDistanceScale:1]]
[2019.10.14-17.47.00:423][  0]LogConfig: Setting CVar [[r.CapsuleShadows:1]]
[2019.10.14-17.47.00:423][  0]LogConfig: Applying CVar settings from Section [PostProcessQuality@3] File [D:/Github/ArchVisDemoV2/Saved/Config/Windows/Scalability.ini]
[2019.10.14-17.47.00:423][  0]LogConfig: Setting CVar [[r.MotionBlurQuality:4]]
[2019.10.14-17.47.00:423][  0]LogConfig: Setting CVar [[r.AmbientOcclusionMipLevelFactor:0.4]]
[2019.10.14-17.47.00:423][  0]LogConfig: Setting CVar [[r.AmbientOcclusionMaxQuality:100]]
[2019.10.14-17.47.00:424][  0]LogConfig: Setting CVar [[r.AmbientOcclusionLevels:-1]]
[2019.10.14-17.47.00:424][  0]LogConfig: Setting CVar [[r.AmbientOcclusionRadiusScale:1.0]]
[2019.10.14-17.47.00:424][  0]LogConfig: Setting CVar [[r.DepthOfFieldQuality:2]]
[2019.10.14-17.47.00:424][  0]LogConfig: Setting CVar [[r.RenderTargetPoolMin:400]]
[2019.10.14-17.47.00:424][  0]LogConfig: Setting CVar [[r.LensFlareQuality:2]]
[2019.10.14-17.47.00:424][  0]LogConfig: Setting CVar [[r.SceneColorFringeQuality:1]]
[2019.10.14-17.47.00:424][  0]LogConfig: Setting CVar [[r.EyeAdaptationQuality:2]]
[2019.10.14-17.47.00:424][  0]LogConfig: Setting CVar [[r.BloomQuality:5]]
[2019.10.14-17.47.00:424][  0]LogConfig: Setting CVar [[r.FastBlurThreshold:100]]
[2019.10.14-17.47.00:424][  0]LogConfig: Setting CVar [[r.Upscale.Quality:3]]
[2019.10.14-17.47.00:424][  0]LogConfig: Setting CVar [[r.Tonemapper.GrainQuantization:1]]
[2019.10.14-17.47.00:424][  0]LogConfig: Setting CVar [[r.LightShaftQuality:1]]
[2019.10.14-17.47.00:424][  0]LogConfig: Setting CVar [[r.Filter.SizeScale:1]]
[2019.10.14-17.47.00:424][  0]LogConfig: Setting CVar [[r.Tonemapper.Quality:5]]
[2019.10.14-17.47.00:424][  0]LogConfig: Setting CVar [[r.DOF.Gather.AccumulatorQuality:1        ; higher gathering accumulator quality]]
[2019.10.14-17.47.00:424][  0]LogConfig: Setting CVar [[r.DOF.Gather.PostfilterMethod:1          ; Median3x3 postfilering method]]
[2019.10.14-17.47.00:424][  0]LogConfig: Setting CVar [[r.DOF.Gather.EnableBokehSettings:0       ; no bokeh simulation when gathering]]
[2019.10.14-17.47.00:424][  0]LogConfig: Setting CVar [[r.DOF.Gather.RingCount:4                 ; medium number of samples when gathering]]
[2019.10.14-17.47.00:424][  0]LogConfig: Setting CVar [[r.DOF.Scatter.ForegroundCompositing:1    ; additive foreground scattering]]
[2019.10.14-17.47.00:424][  0]LogConfig: Setting CVar [[r.DOF.Scatter.BackgroundCompositing:2    ; additive background scattering]]
[2019.10.14-17.47.00:424][  0]LogConfig: Setting CVar [[r.DOF.Scatter.EnableBokehSettings:1      ; bokeh simulation when scattering]]
[2019.10.14-17.47.00:424][  0]LogConfig: Setting CVar [[r.DOF.Scatter.MaxSpriteRatio:0.1         ; only a maximum of 10% of scattered bokeh]]
[2019.10.14-17.47.00:424][  0]LogConfig: Setting CVar [[r.DOF.Recombine.Quality:1                ; cheap slight out of focus]]
[2019.10.14-17.47.00:424][  0]LogConfig: Setting CVar [[r.DOF.Recombine.EnableBokehSettings:0    ; no bokeh simulation on slight out of focus]]
[2019.10.14-17.47.00:424][  0]LogConfig: Setting CVar [[r.DOF.TemporalAAQuality:1                ; more stable temporal accumulation]]
[2019.10.14-17.47.00:424][  0]LogConfig: Setting CVar [[r.DOF.Kernel.MaxForegroundRadius:0.025]]
[2019.10.14-17.47.00:424][  0]LogConfig: Setting CVar [[r.DOF.Kernel.MaxBackgroundRadius:0.025]]
[2019.10.14-17.47.00:424][  0]LogConfig: Applying CVar settings from Section [TextureQuality@3] File [D:/Github/ArchVisDemoV2/Saved/Config/Windows/Scalability.ini]
[2019.10.14-17.47.00:424][  0]LogConfig: Setting CVar [[r.Streaming.MipBias:0]]
[2019.10.14-17.47.00:424][  0]LogConfig: Setting CVar [[r.Streaming.AmortizeCPUToGPUCopy:0]]
[2019.10.14-17.47.00:424][  0]LogConfig: Setting CVar [[r.Streaming.MaxNumTexturesToStreamPerFrame:0]]
[2019.10.14-17.47.00:424][  0]LogConfig: Setting CVar [[r.Streaming.Boost:1]]
[2019.10.14-17.47.00:424][  0]LogConfig: Setting CVar [[r.MaxAnisotropy:8]]
[2019.10.14-17.47.00:424][  0]LogConfig: Setting CVar [[r.Streaming.LimitPoolSizeToVRAM:0]]
[2019.10.14-17.47.00:424][  0]LogConfig: Setting CVar [[r.Streaming.PoolSize:1000]]
[2019.10.14-17.47.00:424][  0]LogConfig: Setting CVar [[r.Streaming.MaxEffectiveScreenSize:0]]
[2019.10.14-17.47.00:424][  0]LogConfig: Applying CVar settings from Section [EffectsQuality@3] File [D:/Github/ArchVisDemoV2/Saved/Config/Windows/Scalability.ini]
[2019.10.14-17.47.00:424][  0]LogConfig: Setting CVar [[r.TranslucencyLightingVolumeDim:64]]
[2019.10.14-17.47.00:424][  0]LogConfig: Setting CVar [[r.RefractionQuality:2]]
[2019.10.14-17.47.00:424][  0]LogConfig: Setting CVar [[r.SSR.Quality:3]]
[2019.10.14-17.47.00:424][  0]LogConfig: Setting CVar [[r.SceneColorFormat:4]]
[2019.10.14-17.47.00:424][  0]LogConfig: Setting CVar [[r.DetailMode:2]]
[2019.10.14-17.47.00:425][  0]LogConfig: Setting CVar [[r.TranslucencyVolumeBlur:1]]
[2019.10.14-17.47.00:425][  0]LogConfig: Setting CVar [[r.MaterialQualityLevel:1 ; High quality]]
[2019.10.14-17.47.00:425][  0]LogConfig: Setting CVar [[r.SSS.Scale:1]]
[2019.10.14-17.47.00:425][  0]LogConfig: Setting CVar [[r.SSS.SampleSet:2]]
[2019.10.14-17.47.00:425][  0]LogConfig: Setting CVar [[r.SSS.Quality:1]]
[2019.10.14-17.47.00:425][  0]LogConfig: Setting CVar [[r.SSS.HalfRes:1]]
[2019.10.14-17.47.00:425][  0]LogConfig: Setting CVar [[r.EmitterSpawnRateScale:1.0]]
[2019.10.14-17.47.00:425][  0]LogConfig: Setting CVar [[r.ParticleLightQuality:2]]
[2019.10.14-17.47.00:425][  0]LogConfig: Applying CVar settings from Section [FoliageQuality@3] File [D:/Github/ArchVisDemoV2/Saved/Config/Windows/Scalability.ini]
[2019.10.14-17.47.00:425][  0]LogConfig: Setting CVar [[foliage.DensityScale:1.0]]
[2019.10.14-17.47.00:425][  0]LogConfig: Setting CVar [[grass.DensityScale:1.0]]
[2019.10.14-17.47.00:425][  0]LogInit: Selected Device Profile: [Windows]
[2019.10.14-17.47.00:425][  0]LogInit: Applying CVar settings loaded from the selected device profile: [Windows]
[2019.10.14-17.47.00:427][  0]LogHAL: Display: Platform has ~ 16 GB [17132421120 / 17179869184 / 16], which maps to Larger [LargestMinGB=32, LargerMinGB=12, DefaultMinGB=8, SmallerMinGB=6, SmallestMinGB=0)
[2019.10.14-17.47.00:427][  0]LogInit: Going up to parent DeviceProfile []
[2019.10.14-17.47.00:428][  0]LogConfig: Applying CVar settings from Section [ViewDistanceQuality@3] File [D:/Github/ArchVisDemoV2/Saved/Config/Windows/Scalability.ini]
[2019.10.14-17.47.00:428][  0]LogConfig: Setting CVar [[r.SkeletalMeshLODBias:0]]
[2019.10.14-17.47.00:428][  0]LogConfig: Setting CVar [[r.ViewDistanceScale:1.0]]
[2019.10.14-17.47.00:428][  0]LogConfig: Applying CVar settings from Section [AntiAliasingQuality@3] File [D:/Github/ArchVisDemoV2/Saved/Config/Windows/Scalability.ini]
[2019.10.14-17.47.00:428][  0]LogConfig: Setting CVar [[r.PostProcessAAQuality:4]]
[2019.10.14-17.47.00:428][  0]LogConfig: Applying CVar settings from Section [ShadowQuality@3] File [D:/Github/ArchVisDemoV2/Saved/Config/Windows/Scalability.ini]
[2019.10.14-17.47.00:428][  0]LogConfig: Setting CVar [[r.LightFunctionQuality:1]]
[2019.10.14-17.47.00:428][  0]LogConfig: Setting CVar [[r.ShadowQuality:5]]
[2019.10.14-17.47.00:428][  0]LogConfig: Setting CVar [[r.Shadow.CSM.MaxCascades:10]]
[2019.10.14-17.47.00:428][  0]LogConfig: Setting CVar [[r.Shadow.MaxResolution:2048]]
[2019.10.14-17.47.00:428][  0]LogConfig: Setting CVar [[r.Shadow.MaxCSMResolution:2048]]
[2019.10.14-17.47.00:428][  0]LogConfig: Setting CVar [[r.Shadow.RadiusThreshold:0.01]]
[2019.10.14-17.47.00:428][  0]LogConfig: Setting CVar [[r.Shadow.DistanceScale:1.0]]
[2019.10.14-17.47.00:428][  0]LogConfig: Setting CVar [[r.Shadow.CSM.TransitionScale:1.0]]
[2019.10.14-17.47.00:428][  0]LogConfig: Setting CVar [[r.Shadow.PreShadowResolutionFactor:1.0]]
[2019.10.14-17.47.00:428][  0]LogConfig: Setting CVar [[r.DistanceFieldShadowing:1]]
[2019.10.14-17.47.00:428][  0]LogConfig: Setting CVar [[r.DistanceFieldAO:1]]
[2019.10.14-17.47.00:428][  0]LogConfig: Setting CVar [[r.AOQuality:2]]
[2019.10.14-17.47.00:428][  0]LogConfig: Setting CVar [[r.VolumetricFog:1]]
[2019.10.14-17.47.00:428][  0]LogConfig: Setting CVar [[r.VolumetricFog.GridPixelSize:8]]
[2019.10.14-17.47.00:428][  0]LogConfig: Setting CVar [[r.VolumetricFog.GridSizeZ:128]]
[2019.10.14-17.47.00:428][  0]LogConfig: Setting CVar [[r.VolumetricFog.HistoryMissSupersampleCount:4]]
[2019.10.14-17.47.00:428][  0]LogConfig: Setting CVar [[r.LightMaxDrawDistanceScale:1]]
[2019.10.14-17.47.00:428][  0]LogConfig: Setting CVar [[r.CapsuleShadows:1]]
[2019.10.14-17.47.00:428][  0]LogConfig: Applying CVar settings from Section [PostProcessQuality@3] File [D:/Github/ArchVisDemoV2/Saved/Config/Windows/Scalability.ini]
[2019.10.14-17.47.00:428][  0]LogConfig: Setting CVar [[r.MotionBlurQuality:4]]
[2019.10.14-17.47.00:428][  0]LogConfig: Setting CVar [[r.AmbientOcclusionMipLevelFactor:0.4]]
[2019.10.14-17.47.00:428][  0]LogConfig: Setting CVar [[r.AmbientOcclusionMaxQuality:100]]
[2019.10.14-17.47.00:428][  0]LogConfig: Setting CVar [[r.AmbientOcclusionLevels:-1]]
[2019.10.14-17.47.00:428][  0]LogConfig: Setting CVar [[r.AmbientOcclusionRadiusScale:1.0]]
[2019.10.14-17.47.00:428][  0]LogConfig: Setting CVar [[r.DepthOfFieldQuality:2]]
[2019.10.14-17.47.00:428][  0]LogConfig: Setting CVar [[r.RenderTargetPoolMin:400]]
[2019.10.14-17.47.00:428][  0]LogConfig: Setting CVar [[r.LensFlareQuality:2]]
[2019.10.14-17.47.00:428][  0]LogConfig: Setting CVar [[r.SceneColorFringeQuality:1]]
[2019.10.14-17.47.00:428][  0]LogConfig: Setting CVar [[r.EyeAdaptationQuality:2]]
[2019.10.14-17.47.00:428][  0]LogConfig: Setting CVar [[r.BloomQuality:5]]
[2019.10.14-17.47.00:428][  0]LogConfig: Setting CVar [[r.FastBlurThreshold:100]]
[2019.10.14-17.47.00:428][  0]LogConfig: Setting CVar [[r.Upscale.Quality:3]]
[2019.10.14-17.47.00:428][  0]LogConfig: Setting CVar [[r.Tonemapper.GrainQuantization:1]]
[2019.10.14-17.47.00:428][  0]LogConfig: Setting CVar [[r.LightShaftQuality:1]]
[2019.10.14-17.47.00:428][  0]LogConfig: Setting CVar [[r.Filter.SizeScale:1]]
[2019.10.14-17.47.00:428][  0]LogConfig: Setting CVar [[r.Tonemapper.Quality:5]]
[2019.10.14-17.47.00:428][  0]LogConfig: Setting CVar [[r.DOF.Gather.AccumulatorQuality:1        ; higher gathering accumulator quality]]
[2019.10.14-17.47.00:428][  0]LogConfig: Setting CVar [[r.DOF.Gather.PostfilterMethod:1          ; Median3x3 postfilering method]]
[2019.10.14-17.47.00:428][  0]LogConfig: Setting CVar [[r.DOF.Gather.EnableBokehSettings:0       ; no bokeh simulation when gathering]]
[2019.10.14-17.47.00:428][  0]LogConfig: Setting CVar [[r.DOF.Gather.RingCount:4                 ; medium number of samples when gathering]]
[2019.10.14-17.47.00:428][  0]LogConfig: Setting CVar [[r.DOF.Scatter.ForegroundCompositing:1    ; additive foreground scattering]]
[2019.10.14-17.47.00:428][  0]LogConfig: Setting CVar [[r.DOF.Scatter.BackgroundCompositing:2    ; additive background scattering]]
[2019.10.14-17.47.00:428][  0]LogConfig: Setting CVar [[r.DOF.Scatter.EnableBokehSettings:1      ; bokeh simulation when scattering]]
[2019.10.14-17.47.00:428][  0]LogConfig: Setting CVar [[r.DOF.Scatter.MaxSpriteRatio:0.1         ; only a maximum of 10% of scattered bokeh]]
[2019.10.14-17.47.00:428][  0]LogConfig: Setting CVar [[r.DOF.Recombine.Quality:1                ; cheap slight out of focus]]
[2019.10.14-17.47.00:428][  0]LogConfig: Setting CVar [[r.DOF.Recombine.EnableBokehSettings:0    ; no bokeh simulation on slight out of focus]]
[2019.10.14-17.47.00:428][  0]LogConfig: Setting CVar [[r.DOF.TemporalAAQuality:1                ; more stable temporal accumulation]]
[2019.10.14-17.47.00:428][  0]LogConfig: Setting CVar [[r.DOF.Kernel.MaxForegroundRadius:0.025]]
[2019.10.14-17.47.00:428][  0]LogConfig: Setting CVar [[r.DOF.Kernel.MaxBackgroundRadius:0.025]]
[2019.10.14-17.47.00:429][  0]LogConfig: Applying CVar settings from Section [TextureQuality@3] File [D:/Github/ArchVisDemoV2/Saved/Config/Windows/Scalability.ini]
[2019.10.14-17.47.00:429][  0]LogConfig: Setting CVar [[r.Streaming.MipBias:0]]
[2019.10.14-17.47.00:429][  0]LogConfig: Setting CVar [[r.Streaming.AmortizeCPUToGPUCopy:0]]
[2019.10.14-17.47.00:429][  0]LogConfig: Setting CVar [[r.Streaming.MaxNumTexturesToStreamPerFrame:0]]
[2019.10.14-17.47.00:429][  0]LogConfig: Setting CVar [[r.Streaming.Boost:1]]
[2019.10.14-17.47.00:429][  0]LogConfig: Setting CVar [[r.MaxAnisotropy:8]]
[2019.10.14-17.47.00:429][  0]LogConfig: Setting CVar [[r.Streaming.LimitPoolSizeToVRAM:0]]
[2019.10.14-17.47.00:429][  0]LogConfig: Setting CVar [[r.Streaming.PoolSize:1000]]
[2019.10.14-17.47.00:429][  0]LogConfig: Setting CVar [[r.Streaming.MaxEffectiveScreenSize:0]]
[2019.10.14-17.47.00:429][  0]LogConfig: Applying CVar settings from Section [EffectsQuality@3] File [D:/Github/ArchVisDemoV2/Saved/Config/Windows/Scalability.ini]
[2019.10.14-17.47.00:429][  0]LogConfig: Setting CVar [[r.TranslucencyLightingVolumeDim:64]]
[2019.10.14-17.47.00:429][  0]LogConfig: Setting CVar [[r.RefractionQuality:2]]
[2019.10.14-17.47.00:429][  0]LogConfig: Setting CVar [[r.SSR.Quality:3]]
[2019.10.14-17.47.00:429][  0]LogConfig: Setting CVar [[r.SceneColorFormat:4]]
[2019.10.14-17.47.00:429][  0]LogConfig: Setting CVar [[r.DetailMode:2]]
[2019.10.14-17.47.00:429][  0]LogConfig: Setting CVar [[r.TranslucencyVolumeBlur:1]]
[2019.10.14-17.47.00:429][  0]LogConfig: Setting CVar [[r.MaterialQualityLevel:1 ; High quality]]
[2019.10.14-17.47.00:429][  0]LogConfig: Setting CVar [[r.SSS.Scale:1]]
[2019.10.14-17.47.00:429][  0]LogConfig: Setting CVar [[r.SSS.SampleSet:2]]
[2019.10.14-17.47.00:429][  0]LogConfig: Setting CVar [[r.SSS.Quality:1]]
[2019.10.14-17.47.00:429][  0]LogConfig: Setting CVar [[r.SSS.HalfRes:1]]
[2019.10.14-17.47.00:429][  0]LogConfig: Setting CVar [[r.EmitterSpawnRateScale:1.0]]
[2019.10.14-17.47.00:429][  0]LogConfig: Setting CVar [[r.ParticleLightQuality:2]]
[2019.10.14-17.47.00:429][  0]LogConfig: Applying CVar settings from Section [FoliageQuality@3] File [D:/Github/ArchVisDemoV2/Saved/Config/Windows/Scalability.ini]
[2019.10.14-17.47.00:429][  0]LogConfig: Setting CVar [[foliage.DensityScale:1.0]]
[2019.10.14-17.47.00:429][  0]LogConfig: Setting CVar [[grass.DensityScale:1.0]]
[2019.10.14-17.47.00:429][  0]LogConfig: Applying CVar settings from Section [Startup] File [../../../Engine/Config/ConsoleVariables.ini]
[2019.10.14-17.47.00:429][  0]LogConfig: Setting CVar [[net.UseAdaptiveNetUpdateFrequency:0]]
[2019.10.14-17.47.00:429][  0]LogConfig: Setting CVar [[p.chaos.AllowCreatePhysxBodies:1]]
[2019.10.14-17.47.00:429][  0]LogConfig: Applying CVar settings from Section [ConsoleVariables] File [D:/Github/ArchVisDemoV2/Saved/Config/Windows/Engine.ini]
[2019.10.14-17.47.00:429][  0]LogInit: Computer: MSI
[2019.10.14-17.47.00:429][  0]LogInit: User: Martin
[2019.10.14-17.47.00:429][  0]LogInit: CPU Page size=4096, Cores=4
[2019.10.14-17.47.00:429][  0]LogInit: High frequency timer resolution =10.000000 MHz
[2019.10.14-17.47.00:430][  0]LogMemory: Memory total: Physical=16.0GB (16GB approx)
[2019.10.14-17.47.00:430][  0]LogMemory: Platform Memory Stats for Windows
[2019.10.14-17.47.00:430][  0]LogMemory: Process Physical Memory: 100.31 MB used, 100.32 MB peak
[2019.10.14-17.47.00:430][  0]LogMemory: Process Virtual Memory: 88.70 MB used, 88.70 MB peak
[2019.10.14-17.47.00:430][  0]LogMemory: Physical Memory: 7753.49 MB used,  8585.26 MB free, 16338.75 MB total
[2019.10.14-17.47.00:430][  0]LogMemory: Virtual Memory: 4656.30 MB used,  134213072.00 MB free, 134217728.00 MB total
[2019.10.14-17.47.00:433][  0]LogWindows: WindowsPlatformFeatures enabled
[2019.10.14-17.47.00:454][  0]LogInit: Using OS detected language (en-US).
[2019.10.14-17.47.00:454][  0]LogInit: Using OS detected locale (en-US).
[2019.10.14-17.47.00:455][  0]LogTextLocalizationManager: No specific localization for 'en-US' exists, so the 'en' localization will be used.
[2019.10.14-17.47.00:671][  0]LogInit: Setting process to per monitor DPI aware
[2019.10.14-17.47.00:712][  0]LogSlate: New Slate User Created.  User Index 0, Is Virtual User: 0
[2019.10.14-17.47.00:712][  0]LogSlate: Slate User Registered.  User Index 0, Is Virtual User: 0
[2019.10.14-17.47.00:880][  0]LogHMD: Failed to initialize OpenVR with code 110
[2019.10.14-17.47.00:880][  0]LogD3D11RHI: D3D11 adapters:
[2019.10.14-17.47.00:961][  0]LogD3D11RHI:    0. 'NVIDIA GeForce GTX 1060' (Feature Level 11_0)
[2019.10.14-17.47.00:961][  0]LogD3D11RHI:       6052/0/8169 MB DedicatedVideo/DedicatedSystem/SharedSystem, Outputs:1, VendorId:0x10de
[2019.10.14-17.47.00:964][  0]LogD3D11RHI:    1. 'Microsoft Basic Render Driver' (Feature Level 11_0)
[2019.10.14-17.47.00:964][  0]LogD3D11RHI:       0/0/8169 MB DedicatedVideo/DedicatedSystem/SharedSystem, Outputs:0, VendorId:0x1414
[2019.10.14-17.47.00:964][  0]LogD3D11RHI: Chosen D3D11 Adapter: 0
[2019.10.14-17.47.00:975][  0]LogD3D11RHI: Creating new Direct3DDevice
[2019.10.14-17.47.00:975][  0]LogD3D11RHI:     GPU DeviceId: 0x1c60 (for the marketing name, search the web for "GPU Device Id")
[2019.10.14-17.47.00:975][  0]LogWindows: EnumDisplayDevices:
[2019.10.14-17.47.00:976][  0]LogWindows:    0. 'NVIDIA GeForce GTX 1060' (P:1 D:1)
[2019.10.14-17.47.00:976][  0]LogWindows:    1. 'NVIDIA GeForce GTX 1060' (P:0 D:0)
[2019.10.14-17.47.00:977][  0]LogWindows:    2. 'NVIDIA GeForce GTX 1060' (P:0 D:0)
[2019.10.14-17.47.00:977][  0]LogWindows:    3. 'NVIDIA GeForce GTX 1060' (P:0 D:0)
[2019.10.14-17.47.00:977][  0]LogWindows: DebugString: FoundDriverCount:4 
[2019.10.14-17.47.00:977][  0]LogD3D11RHI:     Adapter Name: NVIDIA GeForce GTX 1060
[2019.10.14-17.47.00:977][  0]LogD3D11RHI:   Driver Version: 436.02 (internal:26.21.14.3602, unified:436.02)
[2019.10.14-17.47.00:977][  0]LogD3D11RHI:      Driver Date: 8-16-2019
[2019.10.14-17.47.00:977][  0]LogRHI: Texture pool is 4236 MB (70% of 6052 MB)
[2019.10.14-17.47.01:045][  0]LogD3D11RHI: Async texture creation enabled
[2019.10.14-17.47.01:065][  0]LogD3D11RHI: GPU Timing Frequency: 1000.000000 (Debug: 2 1)
[2019.10.14-17.47.01:493][  0]LogTemp: Display: Module 'AllDesktopTargetPlatform' loaded TargetPlatform 'AllDesktop'
[2019.10.14-17.47.01:501][  0]LogTemp: Display: Module 'MacClientTargetPlatform' loaded TargetPlatform 'MacClient'
[2019.10.14-17.47.01:511][  0]LogTemp: Display: Module 'MacNoEditorTargetPlatform' loaded TargetPlatform 'MacNoEditor'
[2019.10.14-17.47.01:519][  0]LogTemp: Display: Module 'MacServerTargetPlatform' loaded TargetPlatform 'MacServer'
[2019.10.14-17.47.01:530][  0]LogTemp: Display: Module 'MacTargetPlatform' loaded TargetPlatform 'Mac'
[2019.10.14-17.47.01:539][  0]LogTemp: Display: Module 'WindowsClientTargetPlatform' loaded TargetPlatform 'WindowsClient'
[2019.10.14-17.47.01:548][  0]LogTemp: Display: Module 'WindowsNoEditorTargetPlatform' loaded TargetPlatform 'WindowsNoEditor'
[2019.10.14-17.47.01:557][  0]LogTemp: Display: Module 'WindowsServerTargetPlatform' loaded TargetPlatform 'WindowsServer'
[2019.10.14-17.47.01:561][  0]LogTemp: Display: Module 'WindowsTargetPlatform' loaded TargetPlatform 'Windows'
[2019.10.14-17.47.01:596][  0]LogTemp: Display: Module 'AndroidTargetPlatform' loaded TargetPlatform 'Android'
[2019.10.14-17.47.01:596][  0]LogTemp: Display: Module 'AndroidTargetPlatform' loaded TargetPlatform 'Android_ASTC'
[2019.10.14-17.47.01:596][  0]LogTemp: Display: Module 'AndroidTargetPlatform' loaded TargetPlatform 'Android_ATC'
[2019.10.14-17.47.01:596][  0]LogTemp: Display: Module 'AndroidTargetPlatform' loaded TargetPlatform 'Android_DXT'
[2019.10.14-17.47.01:596][  0]LogTemp: Display: Module 'AndroidTargetPlatform' loaded TargetPlatform 'Android_ETC1'
[2019.10.14-17.47.01:597][  0]LogTemp: Display: Module 'AndroidTargetPlatform' loaded TargetPlatform 'Android_ETC1a'
[2019.10.14-17.47.01:597][  0]LogTemp: Display: Module 'AndroidTargetPlatform' loaded TargetPlatform 'Android_ETC2'
[2019.10.14-17.47.01:598][  0]LogTemp: Display: Module 'AndroidTargetPlatform' loaded TargetPlatform 'Android_PVRTC'
[2019.10.14-17.47.01:598][  0]LogTemp: Display: Module 'AndroidTargetPlatform' loaded TargetPlatform 'AndroidClient'
[2019.10.14-17.47.01:598][  0]LogTemp: Display: Module 'AndroidTargetPlatform' loaded TargetPlatform 'Android_ASTCClient'
[2019.10.14-17.47.01:598][  0]LogTemp: Display: Module 'AndroidTargetPlatform' loaded TargetPlatform 'Android_ATCClient'
[2019.10.14-17.47.01:598][  0]LogTemp: Display: Module 'AndroidTargetPlatform' loaded TargetPlatform 'Android_DXTClient'
[2019.10.14-17.47.01:598][  0]LogTemp: Display: Module 'AndroidTargetPlatform' loaded TargetPlatform 'Android_ETC1Client'
[2019.10.14-17.47.01:598][  0]LogTemp: Display: Module 'AndroidTargetPlatform' loaded TargetPlatform 'Android_ETC1aClient'
[2019.10.14-17.47.01:598][  0]LogTemp: Display: Module 'AndroidTargetPlatform' loaded TargetPlatform 'Android_ETC2Client'
[2019.10.14-17.47.01:598][  0]LogTemp: Display: Module 'AndroidTargetPlatform' loaded TargetPlatform 'Android_PVRTCClient'
[2019.10.14-17.47.01:598][  0]LogTemp: Display: Module 'AndroidTargetPlatform' loaded TargetPlatform 'Android_Multi'
[2019.10.14-17.47.01:598][  0]LogTemp: Display: Module 'AndroidTargetPlatform' loaded TargetPlatform 'Android_MultiClient'
[2019.10.14-17.47.01:598][  0]LogTemp: Display: Module 'HTML5TargetPlatform' loaded TargetPlatform 'HTML5'
[2019.10.14-17.47.01:616][  0]LogTemp: Display: Module 'IOSTargetPlatform' loaded TargetPlatform 'IOSClient'
[2019.10.14-17.47.01:616][  0]LogTemp: Display: Module 'IOSTargetPlatform' loaded TargetPlatform 'IOS'
[2019.10.14-17.47.01:630][  0]LogTemp: Display: Module 'TVOSTargetPlatform' loaded TargetPlatform 'TVOSClient'
[2019.10.14-17.47.01:630][  0]LogTemp: Display: Module 'TVOSTargetPlatform' loaded TargetPlatform 'TVOS'
[2019.10.14-17.47.01:641][  0]LogTemp: Display: Module 'LinuxClientTargetPlatform' loaded TargetPlatform 'LinuxClient'
[2019.10.14-17.47.01:648][  0]LogTemp: Display: Module 'LinuxNoEditorTargetPlatform' loaded TargetPlatform 'LinuxNoEditor'
[2019.10.14-17.47.01:655][  0]LogTemp: Display: Module 'LinuxServerTargetPlatform' loaded TargetPlatform 'LinuxServer'
[2019.10.14-17.47.01:662][  0]LogTemp: Display: Module 'LinuxTargetPlatform' loaded TargetPlatform 'Linux'
[2019.10.14-17.47.01:689][  0]LogTemp: Display: Module 'LuminTargetPlatform' loaded TargetPlatform 'Lumin'
[2019.10.14-17.47.01:689][  0]LogTemp: Display: Module 'LuminTargetPlatform' loaded TargetPlatform 'LuminClient'
[2019.10.14-17.47.01:689][  0]LogTargetPlatformManager: Display: Building Assets For Windows
[2019.10.14-17.47.01:697][  0]LogAudioDebug: Display: Lib vorbis DLL was dynamically loaded.
[2019.10.14-17.47.01:741][  0]LogShaderCompilers: Guid format shader working directory is 9 characters bigger than the processId version (../../../../../../Github/ArchVisDemoV2/Intermediate/Shaders/WorkingDirectory/4188/).
[2019.10.14-17.47.01:741][  0]LogShaderCompilers: Cleaned the shader compiler working directory 'C:/Users/Martin/AppData/Local/Temp/UnrealShaderWorkingDir/9DC533E043C4531C8A2CE4A56E86E76E/'.
[2019.10.14-17.47.01:743][  0]LogXGEController: Cannot use XGE Controller as Incredibuild is not installed on this machine.
[2019.10.14-17.47.01:743][  0]LogShaderCompilers: Cannot use XGE Shader Compiler as Incredibuild is not installed on this machine.
[2019.10.14-17.47.01:743][  0]LogShaderCompilers: Display: Using Local Shader Compiler.
[2019.10.14-17.47.02:433][  0]LogDerivedDataCache: Display: Max Cache Size: 512 MB
[2019.10.14-17.47.02:486][  0]LogDerivedDataCache: Loaded boot cache 0.05s 73MB C:/Users/Martin/AppData/Local/UnrealEngine/4.23/DerivedDataCache/Boot.ddc.
[2019.10.14-17.47.02:486][  0]LogDerivedDataCache: Display: Loaded Boot cache: C:/Users/Martin/AppData/Local/UnrealEngine/4.23/DerivedDataCache/Boot.ddc
[2019.10.14-17.47.02:486][  0]LogDerivedDataCache: FDerivedDataBackendGraph:  Pak pak cache file ../../../../../../Github/ArchVisDemoV2/DerivedDataCache/DDC.ddp not found, will not use a pak cache.
[2019.10.14-17.47.02:486][  0]LogDerivedDataCache: Unable to find inner node Pak for hierarchical cache Hierarchy.
[2019.10.14-17.47.02:486][  0]LogDerivedDataCache: FDerivedDataBackendGraph:  CompressedPak pak cache file ../../../../../../Github/ArchVisDemoV2/DerivedDataCache/Compressed.ddp not found, will not use a pak cache.
[2019.10.14-17.47.02:486][  0]LogDerivedDataCache: Unable to find inner node CompressedPak for hierarchical cache Hierarchy.
[2019.10.14-17.47.02:499][  0]LogDerivedDataCache: Display: Pak cache opened for reading ../../../Engine/DerivedDataCache/Compressed.ddp.
[2019.10.14-17.47.02:499][  0]LogDerivedDataCache: FDerivedDataBackendGraph:  EnterprisePak pak cache file ../../../Enterprise/DerivedDataCache/Compressed.ddp not found, will not use a pak cache.
[2019.10.14-17.47.02:499][  0]LogDerivedDataCache: Unable to find inner node EnterprisePak for hierarchical cache Hierarchy.
[2019.10.14-17.47.02:500][  0]LogDerivedDataCache: Using Local data cache path C:/Users/Martin/AppData/Local/UnrealEngine/Common/DerivedDataCache: Writable
[2019.10.14-17.47.02:500][  0]LogDerivedDataCache: Shared data cache path not found in *engine.ini, will not use an Shared cache.
[2019.10.14-17.47.02:500][  0]LogDerivedDataCache: Unable to find inner node Shared for hierarchical cache Hierarchy.
[2019.10.14-17.47.02:543][  0]LogMaterial: Verifying Global Shaders for PCD3D_SM5
[2019.10.14-17.47.02:551][  0]LogSlate: Using FreeType 2.6.0
[2019.10.14-17.47.02:552][  0]LogSlate: SlateFontServices - WITH_FREETYPE: 1, WITH_HARFBUZZ: 1
[2019.10.14-17.47.02:704][  0]LogAssetRegistry: FAssetRegistry took 0.0045 seconds to start up
[2019.10.14-17.47.03:024][  0]LogInit: Selected Device Profile: [Windows]
[2019.10.14-17.47.03:187][  0]LogMeshReduction: Using QuadricMeshReduction for automatic static mesh reduction
[2019.10.14-17.47.03:187][  0]LogMeshReduction: Using SimplygonMeshReduction for automatic skeletal mesh reduction
[2019.10.14-17.47.03:187][  0]LogMeshReduction: Using ProxyLODMeshReduction for automatic mesh merging
[2019.10.14-17.47.03:187][  0]LogMeshReduction: No distributed automatic mesh merging module available
[2019.10.14-17.47.03:187][  0]LogMeshMerging: No distributed automatic mesh merging module available
[2019.10.14-17.47.03:198][  0]LogNetVersion: ArchVisDemo 1.0.0, NetCL: 8386587, EngineNetVer: 11, GameNetVer: 0 (Checksum: 610756135)
[2019.10.14-17.47.03:715][  0]LogPackageLocalizationCache: Processed 12 localized package path(s) for 1 prioritized culture(s) in 0.056928 seconds
[2019.10.14-17.47.03:733][  0]LogUObjectArray: 43444 objects as part of root set at end of initial load.
[2019.10.14-17.47.03:733][  0]LogUObjectAllocator: 7548648 out of 0 bytes used by permanent object pool.
[2019.10.14-17.47.03:733][  0]LogUObjectArray: CloseDisregardForGC: 0/0 objects in disregard for GC pool
[2019.10.14-17.47.04:685][  0]LogTcpMessaging: Initializing TcpMessaging bridge
[2019.10.14-17.47.04:688][  0]LogUdpMessaging: Initializing bridge on interface 0.0.0.0:0 to multicast group 230.0.0.1:6666.
[2019.10.14-17.47.04:742][  0]SourceControl: Source control is disabled
[2019.10.14-17.47.04:742][  0]SourceControl: Source control is disabled
[2019.10.14-17.47.04:743][  0]SourceControl: Source control is disabled
[2019.10.14-17.47.04:744][  0]SourceControl: Source control is disabled
[2019.10.14-17.47.04:831][  0]LogAndroidPermission: UAndroidPermissionCallbackProxy::GetInstance
[2019.10.14-17.47.05:110][  0]LogOcInput: OculusInput pre-init called
[2019.10.14-17.47.05:118][  0]LogWindows: Failed to load 'OVRPlugin.dll' (GetLastError=126)
[2019.10.14-17.47.05:118][  0]LogWindows: File 'OVRPlugin.dll' does not exist
[2019.10.14-17.47.05:199][  0]LogEngine: Initializing Engine...
[2019.10.14-17.47.05:200][  0]LogHMD: Failed to initialize OpenVR with code 110
[2019.10.14-17.47.05:201][  0]LogStats: UGameplayTagsManager::InitializeManager -  0.000 s
[2019.10.14-17.47.05:454][  0]LogInit: Initializing FReadOnlyCVARCache
[2019.10.14-17.47.05:471][  0]LogAIModule: Creating AISystem for world Untitled
[2019.10.14-17.47.05:500][  0]LogInit: XAudio2 using 'Høyttalere (Realtek High Definition Audio)' : 2 channels at 48 kHz using 32 bits per sample (channel mask 0x3)
[2019.10.14-17.47.05:886][  0]LogInit: FAudioDevice initialized.
[2019.10.14-17.47.05:887][  0]LogNetVersion: Set ProjectVersion to 1.0.0.0. Version Checksum will be recalculated on next use.
[2019.10.14-17.47.06:018][  0]LogDerivedDataCache: Saved boot cache 0.13s 73MB C:/Users/Martin/AppData/Local/UnrealEngine/4.23/DerivedDataCache/Boot.ddc.
[2019.10.14-17.47.06:035][  0]LogInit: Texture streaming: Enabled
[2019.10.14-17.47.06:080][  0]LogEngineSessionManager: EngineSessionManager initialized
[2019.10.14-17.47.06:279][  0]LogInit: Transaction tracking system initialized
[2019.10.14-17.47.06:313][  0]BlueprintLog: New page: Editor Load
[2019.10.14-17.47.06:506][  0]LocalizationService: Localization service is disabled
[2019.10.14-17.47.06:808][  0]LogFileCache: Scanning file cache for directory 'D:/Github/ArchVisDemoV2/Content/' took 0.01s
[2019.10.14-17.47.06:808][  0]LogCook: Display: Max memory allowance for cook 16384mb min free memory 0mb
[2019.10.14-17.47.06:808][  0]LogCook: Display: Mobile HDR setting 1
[2019.10.14-17.47.06:990][  0]SourceControl: Source control is disabled
[2019.10.14-17.47.06:990][  0]Cmd: MAP LOAD FILE="../../../Engine/Content/Maps/Templates/Template_Default.umap" TEMPLATE=1 SHOWPROGRESS=1 FEATURELEVEL=3
[2019.10.14-17.47.06:991][  0]LightingResults: New page: Lighting Build
[2019.10.14-17.47.06:993][  0]LogWorld: UWorld::CleanupWorld for Untitled, bSessionEnded=true, bCleanupResources=true
[2019.10.14-17.47.06:993][  0]MapCheck: New page: Map Check
[2019.10.14-17.47.06:993][  0]LightingResults: New page: Lighting Build
[2019.10.14-17.47.07:022][  0]LogUObjectHash: Compacting FUObjectHashTables data took   1.89ms
[2019.10.14-17.47.07:106][  0]LogAIModule: Creating AISystem for world Untitled_1
[2019.10.14-17.47.07:111][  0]LogEditorServer: Finished looking for orphan Actors (0.000 secs)
[2019.10.14-17.47.07:137][  0]LogUObjectHash: Compacting FUObjectHashTables data took   2.16ms
[2019.10.14-17.47.07:138][  0]Cmd: MAP CHECKDEP NOCLEARLOG
[2019.10.14-17.47.07:138][  0]MapCheck: Map check complete: 0 Error(s), 0 Warning(s), took 0.137ms to complete.
[2019.10.14-17.47.07:139][  0]LogFileHelpers: Loading map 'Template_Default' took 0.148
[2019.10.14-17.47.08:405][  0]LogSlate: Updating window title bar state: overlay mode, drag disabled, window buttons hidden, title bar hidden
[2019.10.14-17.47.08:464][  0]LogSlate: Updating window title bar state: overlay mode, drag disabled, window buttons hidden, title bar hidden
[2019.10.14-17.47.08:473][  0]LogSlate: Updating window title bar state: overlay mode, drag disabled, window buttons hidden, title bar hidden
[2019.10.14-17.47.08:481][  0]LogSlate: Updating window title bar state: overlay mode, drag disabled, window buttons hidden, title bar hidden
[2019.10.14-17.47.08:549][  0]LogCollectionManager: Loaded 0 collections in 0.001003 seconds
[2019.10.14-17.47.08:659][  0]LogFileCache: Scanning file cache for directory 'D:/Github/ArchVisDemoV2/Saved/Collections/' took 0.00s
[2019.10.14-17.47.08:659][  0]LogFileCache: Scanning file cache for directory 'D:/Github/ArchVisDemoV2/Content/Developers/Martin/Collections/' took 0.00s
[2019.10.14-17.47.08:659][  0]LogFileCache: Scanning file cache for directory 'D:/Github/ArchVisDemoV2/Content/Collections/' took 0.00s
[2019.10.14-17.47.08:659][  0]LogCollectionManager: Rebuilt the GUID cache for 0 collections in 0.000004 seconds
[2019.10.14-17.47.08:671][  0]LogContentBrowser: Native class hierarchy populated in 0.0111 seconds. Added 2863 classes and 680 folders.
[2019.10.14-17.47.08:710][  0]LogContentBrowser: Native class hierarchy updated for 'WidgetCarousel' in 0.0002 seconds. Added 0 classes and 0 folders.
[2019.10.14-17.47.10:136][  0]LogContentBrowser: Native class hierarchy updated for 'AddContentDialog' in 0.0002 seconds. Added 0 classes and 0 folders.
[2019.10.14-17.47.10:191][  0]LogContentBrowser: Native class hierarchy updated for 'SceneOutliner' in 0.0004 seconds. Added 1 classes and 2 folders.
[2019.10.14-17.47.10:987][  0]LogSlate: Took 0.000243 seconds to synchronously load lazily loaded font '../../../Engine/Content/Slate/Fonts/Roboto-Regular.ttf' (155K)
[2019.10.14-17.47.10:993][  0]LogSlate: Took 0.000243 seconds to synchronously load lazily loaded font '../../../Engine/Content/Slate/Fonts/Roboto-Bold.ttf' (160K)
[2019.10.14-17.47.11:527][  0]LogRenderer: Reallocating scene render targets to support 1208x572 Format 10 NumSamples 1 (Frame:1).
[2019.10.14-17.47.11:774][  0]LogContentBrowser: Native class hierarchy updated for 'HierarchicalLODOutliner' in 0.0004 seconds. Added 0 classes and 0 folders.
[2019.10.14-17.47.11:774][  0]LogLoad: (Engine Initialization) Total time: 12.77 seconds
[2019.10.14-17.47.11:774][  0]LogLoad: (Engine Initialization) Total Blueprint compile time: 0.00 seconds
[2019.10.14-17.47.11:864][  0]LogContentStreaming: Texture pool size now 1000 MB
[2019.10.14-17.47.11:971][  2]LogAssetRegistry: Asset discovery search completed in 9.2695 seconds
[2019.10.14-17.47.11:976][  2]LogCollectionManager: Rebuilt the object cache for 0 collections in 0.000005 seconds (found 0 objects)
[2019.10.14-17.47.11:976][  2]LogCollectionManager: Fixed up redirectors for 0 collections in 0.000066 seconds (updated 0 objects)
[2019.10.14-17.47.12:915][ 30]LogSlate: Took 0.017218 seconds to synchronously load lazily loaded font '../../../Engine/Content/Slate/Fonts/Roboto-Light.ttf' (167K)
[2019.10.14-17.47.15:116][ 90]LogSlate: FSceneViewport::OnFocusLost() reason 0
[2019.10.14-17.47.15:280][ 93]LogSlate: Took 0.012604 seconds to synchronously load lazily loaded font '../../../Engine/Content/Editor/Slate/Fonts/FontAwesome.ttf' (139K)
[2019.10.14-17.47.15:312][ 93]LogSlate: Took 0.000160 seconds to synchronously load lazily loaded font '../../../Engine/Content/Slate/Fonts/Roboto-Light.ttf' (167K)
[2019.10.14-17.47.23:230][180]LogAIModule: Creating AISystem for world TestMap
[2019.10.14-17.47.23:278][180]LogAssetEditorManager: Opening Asset editor for World /Game/Maps/TestMap.TestMap
[2019.10.14-17.47.23:335][180]LogUObjectHash: Compacting FUObjectHashTables data took   2.60ms
[2019.10.14-17.47.23:336][180]Cmd: MAP LOAD FILE="../../../../../../Github/ArchVisDemoV2/Content/Maps/TestMap.umap" TEMPLATE=0 SHOWPROGRESS=1 FEATURELEVEL=3
[2019.10.14-17.47.23:336][180]LightingResults: New page: Lighting Build
[2019.10.14-17.47.23:336][180]LoadErrors: New page: Loading map: TestMap.umap
[2019.10.14-17.47.23:345][180]LogWorld: UWorld::CleanupWorld for Untitled_1, bSessionEnded=true, bCleanupResources=true
[2019.10.14-17.47.23:345][180]MapCheck: New page: Map Check
[2019.10.14-17.47.23:345][180]LightingResults: New page: Lighting Build
[2019.10.14-17.47.23:376][180]LogUObjectHash: Compacting FUObjectHashTables data took   2.05ms
[2019.10.14-17.47.23:499][180]LogEditorServer: Finished looking for orphan Actors (0.000 secs)
[2019.10.14-17.47.23:530][180]LogUObjectHash: Compacting FUObjectHashTables data took   1.54ms
[2019.10.14-17.47.23:555][180]Cmd: MAP CHECKDEP NOCLEARLOG
[2019.10.14-17.47.23:555][180]MapCheck: Map check complete: 0 Error(s), 0 Warning(s), took 0.1ms to complete.
[2019.10.14-17.47.23:555][180]LogFileHelpers: Loading map 'TestMap' took 0.220
[2019.10.14-17.47.39:998][668]LogTemp: Repeating last play command: Selected Viewport
[2019.10.14-17.47.40:083][668]LogBlueprintUserMessages: Early PlayInEditor Detection: Level '/Game/Maps/TestMap.TestMap:PersistentLevel' has LevelScriptBlueprint '/Game/Maps/TestMap.TestMap:PersistentLevel.TestMap' with GeneratedClass '/Game/Maps/TestMap.TestMap_C' with ClassGeneratedBy '/Game/Maps/TestMap.TestMap:PersistentLevel.TestMap'
[2019.10.14-17.47.40:083][668]LogPlayLevel: PlayLevel: No blueprints needed recompiling
[2019.10.14-17.47.40:095][668]PIE: New page: PIE session: TestMap (Oct 14, 2019, 9:47:40 PM)
[2019.10.14-17.47.40:097][668]LogOnline: OSS: Creating online subsystem instance for: NULL
[2019.10.14-17.47.40:102][668]LogPlayLevel: Creating play world package: /Game/Maps/UEDPIE_0_TestMap
[2019.10.14-17.47.40:153][668]LogPlayLevel: PIE: StaticDuplicateObject took: (0.050053s)
[2019.10.14-17.47.40:155][668]LogAIModule: Creating AISystem for world TestMap
[2019.10.14-17.47.40:155][668]LogPlayLevel: PIE: World Init took: (0.002354s)
[2019.10.14-17.47.40:155][668]LogPlayLevel: PIE: Created PIE world by copying editor world from /Game/Maps/TestMap.TestMap to /Game/Maps/UEDPIE_0_TestMap.TestMap (0.052846s)
[2019.10.14-17.47.40:197][668]LogUObjectHash: Compacting FUObjectHashTables data took   1.73ms
[2019.10.14-17.47.40:237][668]LogInit: XAudio2 using 'Høyttalere (Realtek High Definition Audio)' : 2 channels at 48 kHz using 32 bits per sample (channel mask 0x3)
[2019.10.14-17.47.40:301][668]LogInit: FAudioDevice initialized.
[2019.10.14-17.47.40:315][668]LogLoad: Game class is 'GameModeBase'
[2019.10.14-17.47.40:337][668]LogWorld: Bringing World /Game/Maps/UEDPIE_0_TestMap.TestMap up for play (max tick rate 60) at 2019.10.14-19.47.40
[2019.10.14-17.47.40:461][668]LogMovieScene: Warning: Legacy data detected in sequence '/Game/Sequences/SEQ_RoomPreview (Unknown sequence)'. This will cause deterministic cooking issues. Please resave the package.
[2019.10.14-17.47.40:464][668]LogMovieScene: Warning: Legacy data detected in sequence '/Game/Sequences/SEQ_RoomPreview (SEQ_RoomPreview)'. This will cause deterministic cooking issues. Please resave the package.
[2019.10.14-17.47.40:465][668]LogMovieScene: Warning: Legacy data detected in sequence '/Game/Sequences/SEQ_RoomPreview (SEQ_RoomPreview)'. This will cause deterministic cooking issues. Please resave the package.
[2019.10.14-17.47.40:465][668]LogMovieScene: Warning: Legacy data detected in sequence '/Game/Sequences/SEQ_RoomPreview (SEQ_RoomPreview)'. This will cause deterministic cooking issues. Please resave the package.
[2019.10.14-17.47.40:465][668]LogMovieScene: Warning: Legacy data detected in sequence '/Game/Sequences/SEQ_RoomPreview (SEQ_RoomPreview)'. This will cause deterministic cooking issues. Please resave the package.
[2019.10.14-17.47.40:465][668]LogMovieScene: Warning: Legacy data detected in sequence '/Game/Sequences/SEQ_RoomPreview (SEQ_RoomPreview)'. This will cause deterministic cooking issues. Please resave the package.
[2019.10.14-17.47.40:466][668]LogMovieScene: Warning: Legacy data detected in sequence '/Game/Sequences/SEQ_RoomPreview (SEQ_RoomPreview)'. This will cause deterministic cooking issues. Please resave the package.
[2019.10.14-17.47.40:466][668]LogMovieScene: Warning: Legacy data detected in sequence '/Game/Sequences/SEQ_RoomPreview (SEQ_RoomPreview)'. This will cause deterministic cooking issues. Please resave the package.
[2019.10.14-17.47.40:466][668]LogMovieScene: Warning: Legacy data detected in sequence '/Game/Sequences/SEQ_RoomPreview (SEQ_RoomPreview)'. This will cause deterministic cooking issues. Please resave the package.
[2019.10.14-17.47.40:466][668]LogMovieScene: Warning: Legacy data detected in sequence '/Game/Sequences/SEQ_RoomPreview (SEQ_RoomPreview)'. This will cause deterministic cooking issues. Please resave the package.
[2019.10.14-17.47.40:466][668]LogMovieScene: Warning: Legacy data detected in sequence '/Game/Sequences/SEQ_RoomPreview (SEQ_RoomPreview)'. This will cause deterministic cooking issues. Please resave the package.
[2019.10.14-17.47.40:466][668]LogMovieScene: Warning: Legacy data detected in sequence '/Game/Sequences/SEQ_RoomPreview (SEQ_RoomPreview)'. This will cause deterministic cooking issues. Please resave the package.
[2019.10.14-17.47.40:467][668]LogMovieScene: Warning: Legacy data detected in sequence '/Game/Sequences/SEQ_RoomPreview (SEQ_RoomPreview)'. This will cause deterministic cooking issues. Please resave the package.
[2019.10.14-17.47.40:467][668]LogMovieScene: Warning: Legacy data detected in sequence '/Game/Sequences/SEQ_RoomPreview (SEQ_RoomPreview)'. This will cause deterministic cooking issues. Please resave the package.
[2019.10.14-17.47.40:467][668]LogMovieScene: Warning: Legacy data detected in sequence '/Game/Sequences/SEQ_RoomPreview (SEQ_RoomPreview)'. This will cause deterministic cooking issues. Please resave the package.
[2019.10.14-17.47.40:467][668]LogMovieScene: Warning: Legacy data detected in sequence '/Game/Sequences/SEQ_RoomPreview (SEQ_RoomPreview)'. This will cause deterministic cooking issues. Please resave the package.
[2019.10.14-17.47.40:467][668]LogMovieScene: Warning: Legacy data detected in sequence '/Game/Sequences/SEQ_RoomPreview (SEQ_RoomPreview)'. This will cause deterministic cooking issues. Please resave the package.
[2019.10.14-17.47.40:467][668]LogMovieScene: Warning: Legacy data detected in sequence '/Game/Sequences/SEQ_RoomPreview (SEQ_RoomPreview)'. This will cause deterministic cooking issues. Please resave the package.
[2019.10.14-17.47.40:467][668]LogMovieScene: Warning: Legacy data detected in sequence '/Game/Sequences/SEQ_RoomPreview (SEQ_RoomPreview)'. This will cause deterministic cooking issues. Please resave the package.
[2019.10.14-17.47.40:468][668]LogMovieScene: Warning: Legacy data detected in sequence '/Game/Sequences/SEQ_RoomPreview (SEQ_RoomPreview)'. This will cause deterministic cooking issues. Please resave the package.
[2019.10.14-17.47.40:468][668]LogMovieScene: Warning: Legacy data detected in sequence '/Game/Sequences/SEQ_RoomPreview (SEQ_RoomPreview)'. This will cause deterministic cooking issues. Please resave the package.
[2019.10.14-17.47.40:468][668]LogMovieScene: Warning: Legacy data detected in sequence '/Game/Sequences/SEQ_RoomPreview (SEQ_RoomPreview)'. This will cause deterministic cooking issues. Please resave the package.
[2019.10.14-17.47.40:468][668]LogMovieScene: Warning: Legacy data detected in sequence '/Game/Sequences/SEQ_RoomPreview (SEQ_RoomPreview)'. This will cause deterministic cooking issues. Please resave the package.
[2019.10.14-17.47.40:468][668]LogMovieScene: Warning: Legacy data detected in sequence '/Game/Sequences/SEQ_RoomPreview (SEQ_RoomPreview)'. This will cause deterministic cooking issues. Please resave the package.
[2019.10.14-17.47.40:468][668]LogMovieScene: Warning: Legacy data detected in sequence '/Game/Sequences/SEQ_RoomPreview (SEQ_RoomPreview)'. This will cause deterministic cooking issues. Please resave the package.
[2019.10.14-17.47.40:468][668]LogMovieScene: Warning: Legacy data detected in sequence '/Game/Sequences/SEQ_RoomPreview (SEQ_RoomPreview)'. This will cause deterministic cooking issues. Please resave the package.
[2019.10.14-17.47.40:468][668]LogMovieScene: Warning: Legacy data detected in sequence '/Game/Sequences/SEQ_RoomPreview (SEQ_RoomPreview)'. This will cause deterministic cooking issues. Please resave the package.
[2019.10.14-17.47.40:468][668]LogMovieScene: Warning: Legacy data detected in sequence '/Game/Sequences/SEQ_RoomPreview (SEQ_RoomPreview)'. This will cause deterministic cooking issues. Please resave the package.
[2019.10.14-17.47.40:468][668]LogMovieScene: Warning: Legacy data detected in sequence '/Game/Sequences/SEQ_RoomPreview (SEQ_RoomPreview)'. This will cause deterministic cooking issues. Please resave the package.
[2019.10.14-17.47.40:468][668]LogMovieScene: Warning: Legacy data detected in sequence '/Game/Sequences/SEQ_RoomPreview (SEQ_RoomPreview)'. This will cause deterministic cooking issues. Please resave the package.
[2019.10.14-17.47.40:469][668]LogMovieScene: Warning: Legacy data detected in sequence '/Game/Sequences/SEQ_RoomPreview (SEQ_RoomPreview)'. This will cause deterministic cooking issues. Please resave the package.
[2019.10.14-17.47.40:469][668]LogMovieScene: Warning: Legacy data detected in sequence '/Game/Sequences/SEQ_RoomPreview (SEQ_RoomPreview)'. This will cause deterministic cooking issues. Please resave the package.
[2019.10.14-17.47.40:469][668]LogMovieScene: Warning: Legacy data detected in sequence '/Game/Sequences/SEQ_RoomPreview (SEQ_RoomPreview)'. This will cause deterministic cooking issues. Please resave the package.
[2019.10.14-17.47.40:469][668]LogMovieScene: Warning: Legacy data detected in sequence '/Game/Sequences/SEQ_RoomPreview (SEQ_RoomPreview)'. This will cause deterministic cooking issues. Please resave the package.
[2019.10.14-17.47.40:469][668]LogMovieScene: Warning: Legacy data detected in sequence '/Game/Sequences/SEQ_RoomPreview (SEQ_RoomPreview)'. This will cause deterministic cooking issues. Please resave the package.
[2019.10.14-17.47.40:469][668]LogMovieScene: Warning: Legacy data detected in sequence '/Game/Sequences/SEQ_RoomPreview (SEQ_RoomPreview)'. This will cause deterministic cooking issues. Please resave the package.
[2019.10.14-17.47.40:470][668]LogMovieScene: Warning: Legacy data detected in sequence '/Game/Sequences/SEQ_RoomPreview (SEQ_RoomPreview)'. This will cause deterministic cooking issues. Please resave the package.
[2019.10.14-17.47.40:470][668]LogMovieScene: Warning: Legacy data detected in sequence '/Game/Sequences/SEQ_RoomPreview (SEQ_RoomPreview)'. This will cause deterministic cooking issues. Please resave the package.
[2019.10.14-17.47.40:471][668]LogWorld: Bringing up level for play took: 0.141715
[2019.10.14-17.47.40:471][668]LogOnline: OSS: Creating online subsystem instance for: :Context_1
[2019.10.14-17.47.40:517][668]LogContentBrowser: Native class hierarchy updated for 'MovieSceneCapture' in 0.0008 seconds. Added 20 classes and 0 folders.
[2019.10.14-17.47.40:519][668]PIE: Play in editor start time for /Game/Maps/UEDPIE_0_TestMap -0.511
[2019.10.14-17.47.40:520][668]LogBlueprintUserMessages: Late PlayInEditor Detection: Level '/Game/Maps/TestMap.TestMap:PersistentLevel' has LevelScriptBlueprint '/Game/Maps/TestMap.TestMap:PersistentLevel.TestMap' with GeneratedClass '/Game/Maps/TestMap.TestMap_C' with ClassGeneratedBy '/Game/Maps/TestMap.TestMap:PersistentLevel.TestMap'
[2019.10.14-17.48.15:666][710]LogBlueprintUserMessages: Early EndPlayMap Detection: Level '/Game/Maps/TestMap.TestMap:PersistentLevel' has LevelScriptBlueprint '/Game/Maps/TestMap.TestMap:PersistentLevel.TestMap' with GeneratedClass '/Game/Maps/TestMap.TestMap_C' with ClassGeneratedBy '/Game/Maps/TestMap.TestMap:PersistentLevel.TestMap'
[2019.10.14-17.48.15:773][710]LogSlate: Updating window title bar state: overlay mode, drag disabled, window buttons hidden, title bar hidden
[2019.10.14-17.48.15:773][710]LogWorld: BeginTearingDown for /Game/Maps/UEDPIE_0_TestMap
[2019.10.14-17.48.15:774][710]LogWorld: UWorld::CleanupWorld for TestMap, bSessionEnded=true, bCleanupResources=true
[2019.10.14-17.48.15:806][710]LogPlayLevel: Display: Shutting down PIE online subsystems
[2019.10.14-17.48.15:807][710]LogBlueprintUserMessages: Late EndPlayMap Detection: Level '/Game/Maps/TestMap.TestMap:PersistentLevel' has LevelScriptBlueprint '/Game/Maps/TestMap.TestMap:PersistentLevel.TestMap' with GeneratedClass '/Game/Maps/TestMap.TestMap_C' with ClassGeneratedBy '/Game/Maps/TestMap.TestMap:PersistentLevel.TestMap'
[2019.10.14-17.48.15:890][710]LogSlate: Updating window title bar state: overlay mode, drag disabled, window buttons hidden, title bar hidden
[2019.10.14-17.48.15:899][710]LogUObjectHash: Compacting FUObjectHashTables data took   3.95ms
[2019.10.14-17.48.15:931][711]LogPlayLevel: Display: Destroying online subsystem :Context_1
[2019.10.14-17.48.21:589][869]LogSlate: FSceneViewport::OnFocusLost() reason 0
[2019.10.14-17.48.21:975][871]LogAIModule: Creating AISystem for world TestMap_Room_without_light
[2019.10.14-17.48.21:984][871]LogAssetEditorManager: Opening Asset editor for World /Game/Maps/TestMap_Room_without_light.TestMap_Room_without_light
[2019.10.14-17.48.22:041][871]LogUObjectHash: Compacting FUObjectHashTables data took   2.62ms
[2019.10.14-17.48.22:043][871]Cmd: MAP LOAD FILE="../../../../../../Github/ArchVisDemoV2/Content/Maps/TestMap_Room_without_light.umap" TEMPLATE=0 SHOWPROGRESS=1 FEATURELEVEL=3
[2019.10.14-17.48.22:043][871]LightingResults: New page: Lighting Build
[2019.10.14-17.48.22:044][871]LoadErrors: New page: Loading map: TestMap_Room_without_light.umap
[2019.10.14-17.48.22:046][871]LogWorld: UWorld::CleanupWorld for TestMap, bSessionEnded=true, bCleanupResources=true
[2019.10.14-17.48.22:047][871]MapCheck: New page: Map Check
[2019.10.14-17.48.22:047][871]LightingResults: New page: Lighting Build
[2019.10.14-17.48.22:088][871]LogUObjectHash: Compacting FUObjectHashTables data took   2.34ms
[2019.10.14-17.48.22:269][871]LogEditorServer: Finished looking for orphan Actors (0.000 secs)
[2019.10.14-17.48.22:316][871]LogUObjectHash: Compacting FUObjectHashTables data took   2.46ms
[2019.10.14-17.48.22:368][871]Cmd: MAP CHECKDEP NOCLEARLOG
[2019.10.14-17.48.22:368][871]MapCheck: Map check complete: 0 Error(s), 0 Warning(s), took 0.225ms to complete.
[2019.10.14-17.48.22:368][871]LogFileHelpers: Loading map 'TestMap_Room_without_light' took 0.327
[2019.10.14-17.48.34:241][218]LogEditorViewport: Clicking on Actor (LMB): StaticMeshActor (SM_Couch2)
[2019.10.14-17.48.40:900][396]LogEditorViewport: Clicking on Actor (LMB): SpotLight (SpotLight2)
[2019.10.14-17.48.44:668][502]LogEditorViewport: Clicking on Actor (LMB): SpotLight (SpotLight4)
[2019.10.14-17.48.47:490][587]LogEditorViewport: Clicking on Actor (LMB): SpotLight (SpotLight)
[2019.10.14-17.48.49:665][646]LogSlate: FSceneViewport::OnFocusLost() reason 0
[2019.10.14-17.48.49:791][649]MapCheck: New page: Map Check
[2019.10.14-17.48.49:925][649]Cmd: MAP REBUILD ALLVISIBLE
[2019.10.14-17.48.49:928][649]LogEditorServer: Rebuildmap Clear paths rebuilt
[2019.10.14-17.48.50:174][649]LogWorld: UWorld::CleanupWorld for TestMap_Room_without_light, bSessionEnded=true, bCleanupResources=false
[2019.10.14-17.48.50:233][649]LogUObjectHash: Compacting FUObjectHashTables data took   2.06ms
[2019.10.14-17.48.50:302][649]LogMaterial: Display: Missing cached shader map for material DebugViewMode MaterialTexCoordScale, compiling. Is special engine material.
[2019.10.14-17.48.50:501][649]LogShaderCompilers: Display: Worker (1/5): shaders left to compile 38
[2019.10.14-17.48.50:501][649]LogShaderCompilers: Display: Worker (2/5): shaders left to compile 37
[2019.10.14-17.48.50:501][649]LogShaderCompilers: Display: Worker (3/5): shaders left to compile 36
[2019.10.14-17.48.50:501][649]LogShaderCompilers: Display: Worker (4/5): shaders left to compile 35
[2019.10.14-17.48.50:501][649]LogMaterial: Display: Missing cached shader map for material DebugViewMode MaterialTexCoordScale, compiling. 
[2019.10.14-17.48.50:540][649]LogMaterial: Display: Missing cached shader map for material DebugViewMode MaterialTexCoordScale, compiling. 
[2019.10.14-17.48.50:582][649]LogMaterial: Display: Missing cached shader map for material DebugViewMode MaterialTexCoordScale, compiling. 
[2019.10.14-17.48.50:624][649]LogMaterial: Display: Missing cached shader map for material DebugViewMode MaterialTexCoordScale, compiling. 
[2019.10.14-17.48.50:657][649]LogMaterial: Display: Missing cached shader map for material DebugViewMode MaterialTexCoordScale, compiling. 
[2019.10.14-17.48.50:696][649]LogMaterial: Display: Missing cached shader map for material DebugViewMode MaterialTexCoordScale, compiling. 
[2019.10.14-17.48.50:733][649]LogMaterial: Display: Missing cached shader map for material DebugViewMode MaterialTexCoordScale, compiling. 
[2019.10.14-17.48.50:778][649]LogMaterial: Display: Missing cached shader map for material DebugViewMode MaterialTexCoordScale, compiling. 
[2019.10.14-17.48.50:807][649]LogMaterial: Display: Missing cached shader map for material DebugViewMode MaterialTexCoordScale, compiling. 
[2019.10.14-17.48.50:830][649]LogMaterial: Display: Missing cached shader map for material DebugViewMode MaterialTexCoordScale, compiling. 
[2019.10.14-17.48.50:844][649]LogMaterial: Display: Missing cached shader map for material DebugViewMode MaterialTexCoordScale, compiling. 
[2019.10.14-17.48.50:858][649]LogMaterial: Display: Missing cached shader map for material DebugViewMode MaterialTexCoordScale, compiling. 
[2019.10.14-17.48.50:873][649]LogMaterial: Display: Missing cached shader map for material DebugViewMode MaterialTexCoordScale, compiling. 
[2019.10.14-17.48.50:886][649]LogMaterial: Display: Missing cached shader map for material DebugViewMode MaterialTexCoordScale, compiling. 
[2019.10.14-17.48.50:903][649]LogMaterial: Display: Missing cached shader map for material DebugViewMode MaterialTexCoordScale, compiling. 
[2019.10.14-17.48.50:919][649]LogMaterial: Display: Missing cached shader map for material DebugViewMode MaterialTexCoordScale, compiling. 
[2019.10.14-17.48.50:934][649]LogMaterial: Display: Missing cached shader map for material DebugViewMode MaterialTexCoordScale, compiling. 
[2019.10.14-17.48.50:947][649]LogMaterial: Display: Missing cached shader map for material DebugViewMode MaterialTexCoordScale, compiling. 
[2019.10.14-17.48.50:971][649]LogMaterial: Display: Missing cached shader map for material DebugViewMode MaterialTexCoordScale, compiling. 
[2019.10.14-17.48.50:987][649]LogMaterial: Display: Missing cached shader map for material DebugViewMode MaterialTexCoordScale, compiling. 
[2019.10.14-17.48.51:000][649]LogMaterial: Display: Missing cached shader map for material DebugViewMode MaterialTexCoordScale, compiling. 
[2019.10.14-17.48.51:011][649]LogMaterial: Display: Missing cached shader map for material DebugViewMode MaterialTexCoordScale, compiling. 
[2019.10.14-17.48.51:020][649]LogMaterial: Display: Missing cached shader map for material DebugViewMode MaterialTexCoordScale, compiling. 
[2019.10.14-17.48.51:030][649]LogMaterial: Display: Missing cached shader map for material DebugViewMode MaterialTexCoordScale, compiling. 
[2019.10.14-17.48.51:044][649]LogMaterial: Display: Missing cached shader map for material DebugViewMode MaterialTexCoordScale, compiling. 
[2019.10.14-17.48.58:449][649]LogShaderCompilers: Display: Worker (2/5): shaders left to compile 84
[2019.10.14-17.48.58:449][649]LogShaderCompilers: Display: Worker (4/5): shaders left to compile 83
[2019.10.14-17.48.58:449][649]LogShaderCompilers: Display: Worker (1/5): shaders left to compile 82
[2019.10.14-17.48.58:449][649]LogShaderCompilers: Display: Worker (3/5): shaders left to compile 81
[2019.10.14-17.48.58:449][649]LogShaderCompilers: Display: Worker (2/5): shaders left to compile 80
[2019.10.14-17.48.58:449][649]LogShaderCompilers: Display: Worker (3/5): shaders left to compile 79
[2019.10.14-17.48.58:449][649]LogShaderCompilers: Display: Worker (4/5): shaders left to compile 78
[2019.10.14-17.48.58:449][649]LogShaderCompilers: Display: Worker (1/5): shaders left to compile 77
[2019.10.14-17.48.58:449][649]LogShaderCompilers: Display: Worker (3/5): shaders left to compile 76
[2019.10.14-17.48.58:449][649]LogShaderCompilers: Display: Worker (2/5): shaders left to compile 75
[2019.10.14-17.48.58:449][649]LogShaderCompilers: Display: Worker (4/5): shaders left to compile 74
[2019.10.14-17.48.58:449][649]LogShaderCompilers: Display: Worker (1/5): shaders left to compile 73
[2019.10.14-17.48.58:449][649]LogShaderCompilers: Display: Worker (3/5): shaders left to compile 72
[2019.10.14-17.48.58:449][649]LogShaderCompilers: Display: Worker (2/5): shaders left to compile 71
[2019.10.14-17.48.58:449][649]LogShaderCompilers: Display: Worker (4/5): shaders left to compile 70
[2019.10.14-17.48.58:449][649]LogShaderCompilers: Display: Worker (1/5): shaders left to compile 69
[2019.10.14-17.48.58:449][649]LogShaderCompilers: Display: Worker (3/5): shaders left to compile 68
[2019.10.14-17.48.58:449][649]LogShaderCompilers: Display: Worker (2/5): shaders left to compile 67
[2019.10.14-17.48.58:449][649]LogShaderCompilers: Display: Worker (1/5): shaders left to compile 66
[2019.10.14-17.48.58:449][649]LogShaderCompilers: Display: Worker (4/5): shaders left to compile 65
[2019.10.14-17.48.58:449][649]LogShaderCompilers: Display: Worker (2/5): shaders left to compile 64
[2019.10.14-17.48.58:449][649]LogShaderCompilers: Display: Worker (3/5): shaders left to compile 63
[2019.10.14-17.48.58:449][649]LogShaderCompilers: Display: Worker (4/5): shaders left to compile 62
[2019.10.14-17.48.58:449][649]LogShaderCompilers: Display: Worker (1/5): shaders left to compile 61
[2019.10.14-17.48.58:449][649]LogShaderCompilers: Display: Worker (3/5): shaders left to compile 60
[2019.10.14-17.48.58:449][649]LogShaderCompilers: Display: Worker (2/5): shaders left to compile 59
[2019.10.14-17.48.58:449][649]LogShaderCompilers: Display: Worker (1/5): shaders left to compile 58
[2019.10.14-17.48.58:449][649]LogShaderCompilers: Display: Worker (4/5): shaders left to compile 57
[2019.10.14-17.48.58:449][649]LogShaderCompilers: Display: Worker (2/5): shaders left to compile 56
[2019.10.14-17.48.58:449][649]LogShaderCompilers: Display: Worker (3/5): shaders left to compile 55
[2019.10.14-17.48.58:449][649]LogShaderCompilers: Display: Worker (1/5): shaders left to compile 54
[2019.10.14-17.48.58:449][649]LogShaderCompilers: Display: Worker (4/5): shaders left to compile 53
[2019.10.14-17.48.58:449][649]LogShaderCompilers: Display: Worker (3/5): shaders left to compile 52
[2019.10.14-17.48.58:449][649]LogShaderCompilers: Display: Worker (2/5): shaders left to compile 51
[2019.10.14-17.48.58:449][649]LogShaderCompilers: Display: Worker (4/5): shaders left to compile 50
[2019.10.14-17.48.58:449][649]LogShaderCompilers: Display: Worker (1/5): shaders left to compile 49
[2019.10.14-17.48.58:449][649]LogShaderCompilers: Display: Worker (2/5): shaders left to compile 48
[2019.10.14-17.48.58:449][649]LogShaderCompilers: Display: Worker (3/5): shaders left to compile 47
[2019.10.14-17.48.58:449][649]LogShaderCompilers: Display: Worker (1/5): shaders left to compile 46
[2019.10.14-17.48.58:449][649]LogShaderCompilers: Display: Worker (4/5): shaders left to compile 45
[2019.10.14-17.48.58:449][649]LogShaderCompilers: Display: Worker (3/5): shaders left to compile 44
[2019.10.14-17.48.58:449][649]LogShaderCompilers: Display: Worker (2/5): shaders left to compile 43
[2019.10.14-17.48.58:449][649]LogShaderCompilers: Display: Worker (4/5): shaders left to compile 42
[2019.10.14-17.48.58:449][649]LogShaderCompilers: Display: Worker (3/5): shaders left to compile 41
[2019.10.14-17.48.58:449][649]LogShaderCompilers: Display: Worker (1/5): shaders left to compile 40
[2019.10.14-17.48.58:449][649]LogShaderCompilers: Display: Worker (2/5): shaders left to compile 39
[2019.10.14-17.48.58:449][649]LogShaderCompilers: Display: Worker (3/5): shaders left to compile 38
[2019.10.14-17.48.58:449][649]LogShaderCompilers: Display: Worker (4/5): shaders left to compile 37
[2019.10.14-17.48.58:449][649]LogShaderCompilers: Display: Worker (1/5): shaders left to compile 36
[2019.10.14-17.48.58:449][649]LogShaderCompilers: Display: Worker (2/5): shaders left to compile 35
[2019.10.14-17.48.58:449][649]LogShaderCompilers: Display: Worker (3/5): shaders left to compile 34
[2019.10.14-17.48.58:449][649]LogShaderCompilers: Display: Worker (4/5): shaders left to compile 33
[2019.10.14-17.48.58:449][649]LogShaderCompilers: Display: Worker (2/5): shaders left to compile 32
[2019.10.14-17.48.58:449][649]LogShaderCompilers: Display: Worker (1/5): shaders left to compile 31
[2019.10.14-17.48.58:449][649]LogShaderCompilers: Display: Worker (3/5): shaders left to compile 30
[2019.10.14-17.48.58:449][649]LogShaderCompilers: Display: Worker (4/5): shaders left to compile 29
[2019.10.14-17.48.58:449][649]LogShaderCompilers: Display: Worker (1/5): shaders left to compile 28
[2019.10.14-17.48.58:449][649]LogShaderCompilers: Display: Worker (3/5): shaders left to compile 27
[2019.10.14-17.48.58:449][649]LogShaderCompilers: Display: Worker (2/5): shaders left to compile 26
[2019.10.14-17.48.58:449][649]LogShaderCompilers: Display: Worker (4/5): shaders left to compile 25
[2019.10.14-17.48.58:450][649]LogShaderCompilers: Display: Worker (1/5): shaders left to compile 24
[2019.10.14-17.48.58:450][649]LogShaderCompilers: Display: Worker (3/5): shaders left to compile 23
[2019.10.14-17.48.58:450][649]LogShaderCompilers: Display: Worker (4/5): shaders left to compile 22
[2019.10.14-17.48.58:450][649]LogShaderCompilers: Display: Worker (2/5): shaders left to compile 21
[2019.10.14-17.48.58:450][649]LogShaderCompilers: Display: Worker (1/5): shaders left to compile 20
[2019.10.14-17.48.58:450][649]LogShaderCompilers: Display: Worker (3/5): shaders left to compile 19
[2019.10.14-17.48.58:450][649]LogShaderCompilers: Display: Worker (2/5): shaders left to compile 18
[2019.10.14-17.48.58:450][649]LogShaderCompilers: Display: Worker (4/5): shaders left to compile 17
[2019.10.14-17.48.58:450][649]LogShaderCompilers: Display: Worker (3/5): shaders left to compile 16
[2019.10.14-17.48.58:450][649]LogShaderCompilers: Display: Worker (4/5): shaders left to compile 15
[2019.10.14-17.48.58:450][649]LogShaderCompilers: Display: Worker (2/5): shaders left to compile 14
[2019.10.14-17.48.58:450][649]LogShaderCompilers: Display: Worker (1/5): shaders left to compile 13
[2019.10.14-17.48.58:450][649]LogShaderCompilers: Display: Worker (3/5): shaders left to compile 12
[2019.10.14-17.48.58:450][649]LogShaderCompilers: Display: Worker (4/5): shaders left to compile 11
[2019.10.14-17.48.58:450][649]LogShaderCompilers: Display: Worker (1/5): shaders left to compile 10
[2019.10.14-17.48.58:450][649]LogShaderCompilers: Display: Worker (2/5): shaders left to compile 9
[2019.10.14-17.48.58:450][649]LogShaderCompilers: Display: Worker (4/5): shaders left to compile 8
[2019.10.14-17.48.58:450][649]LogShaderCompilers: Display: Worker (3/5): shaders left to compile 7
[2019.10.14-17.48.58:450][649]LogShaderCompilers: Display: Worker (1/5): shaders left to compile 6
[2019.10.14-17.48.58:450][649]LogShaderCompilers: Display: Worker (2/5): shaders left to compile 5
[2019.10.14-17.48.58:450][649]LogShaderCompilers: Display: Worker (3/5): shaders left to compile 4
[2019.10.14-17.48.58:450][649]LogShaderCompilers: Display: Worker (4/5): shaders left to compile 3
[2019.10.14-17.48.58:450][649]LogShaderCompilers: Display: Worker (1/5): shaders left to compile 2
[2019.10.14-17.48.58:450][649]LogShaderCompilers: Display: Worker (2/5): shaders left to compile 1
[2019.10.14-17.48.58:450][649]TextureStreamingBuild: Display: Compiling optional shaders took 8.157 seconds.
[2019.10.14-17.48.58:524][649]LogLevel: Display: Export Material TexCoord Scales took 0.074 seconds.
[2019.10.14-17.48.58:636][649]TextureStreamingBuild: Display: Build Texture Streaming took 0.111 seconds.
[2019.10.14-17.48.58:703][649]LogUObjectHash: Compacting FUObjectHashTables data took   1.04ms
[2019.10.14-17.48.58:725][649]LightingResults: New page: Lighting Build - Oct 14, 2019, 9:48:58 PM
[2019.10.14-17.48.59:004][649]LogSwarmInterface: [OpenConnection] Registering TCP channel ...
[2019.10.14-17.48.59:840][649]LogSwarmInterface: [OpenConnection] Connecting to agent ...
[2019.10.14-17.48.59:867][649]LogSwarmInterface: [TryOpenConnection] Testing the Agent
[2019.10.14-17.49.03:912][649]LogSwarmInterface: [TryOpenConnection] Opening Connection to Agent
[2019.10.14-17.49.03:912][649]LogSwarmInterface: [TryOpenConnection] Local Process ID is 4188
[2019.10.14-17.49.11:718][649]LogStaticLightingSystem: Running Lightmass w/ ImmediateImport mode ENABLED
[2019.10.14-17.49.11:718][649]LogStaticLightingSystem: Running Lightmass w/ ImmediateProcess mode ENABLED
[2019.10.14-17.49.11:718][649]LogStaticLightingSystem: Running Lightmass w/ Sorting mode ENABLED
[2019.10.14-17.49.11:718][649]LogStaticLightingSystem: Running Lightmass w/ Mapping paddings ENABLED
[2019.10.14-17.49.11:718][649]LogStaticLightingSystem: Running Lightmass w/ Mapping debug paddings DISABLED
[2019.10.14-17.49.11:962][649]LogUObjectHash: Compacting FUObjectHashTables data took   1.40ms
[2019.10.14-17.49.20:135][649]Job is a success!
[2019.10.14-17.49.20:314][649]LogVolumetricLightmapImport: Imported Volumetric Lightmap in 0.026s
[2019.10.14-17.49.20:314][649]LogVolumetricLightmapImport:      Indirection Texture 16x16x16 = 0.0Mb
[2019.10.14-17.49.20:314][649]LogVolumetricLightmapImport:      BrickData 30x5x5 = 0.0Mb
[2019.10.14-17.49.20:314][649]LogVolumetricLightmapImport:      Bricks at Level
[2019.10.14-17.49.20:314][649]LogVolumetricLightmapImport:          0: 16.7% covering 100.0% of volume
[2019.10.14-17.49.20:314][649]LogVolumetricLightmapImport:          1: 16.7% covering 1.6% of volume
[2019.10.14-17.49.20:314][649]LogVolumetricLightmapImport:          2: 66.7% covering 0.1% of volume
[2019.10.14-17.49.21:458][649]LogTexture: Display: Building textures: HQ_Lightmap0_1 (AutoDXT, 1024X1024)
[2019.10.14-17.49.21:458][649]LogTexture: Display: Building textures: LQ_Lightmap_0_2 (DXT1, 512X512)
[2019.10.14-17.49.21:458][649]LogTexture: Display: Building textures: HQ_Lightmap0_2 (AutoDXT, 512X512)
[2019.10.14-17.49.21:458][649]LogTexture: Display: Building textures: LQ_Lightmap_0_1 (DXT1, 1024X1024)
[2019.10.14-17.49.21:458][649]LogTexture: Display: Building textures: HQ_Lightmap0_3 (AutoDXT, 512X512)
[2019.10.14-17.49.21:458][649]LogTexture: Display: Building textures: LQ_Lightmap_0_3 (DXT1, 512X512)
[2019.10.14-17.49.21:458][649]LogTexture: Display: Building textures: HQ_Lightmap1_4 (AutoDXT, 64X64)
[2019.10.14-17.49.21:458][649]LogTexture: Display: Building textures: LQ_Lightmap_1_4 (DXT1, 64X64)
[2019.10.14-17.49.21:458][649]LogTexture: Display: Building textures: ShadowMapTexture2D_2 (G8, 32X32)
[2019.10.14-17.49.21:458][649]LogTexture: Display: Building textures: ShadowMapTexture2D_1 (BGRA8, 256X256)
[2019.10.14-17.49.21:458][649]LogTexture: Display: Building textures: ShadowMapTexture2D_0 (BGRA8, 1024X512)
[2019.10.14-17.49.21:458][649]Lightmass on MSI: 8.60 sec total, 611 ms importing, 78 ms setup, 1.04 sec photons, 6.82 sec processing, 0 ms extra exporting [91/91 mappings]. Threads: 47.7 sec total, 23.7 sec processing.
[2019.10.14-17.49.21:458][649]LogStaticLightingSystem: TestMap_Room_without_light_BuiltData storing lightmap data for 59 meshes in 6 LightmapResourceClusters (9.8 Meshes per cluster).
[2019.10.14-17.49.21:492][649]LogUObjectHash: Compacting FUObjectHashTables data took   1.73ms
[2019.10.14-17.49.21:497][649]LogStaticLightingSystem: Illumination: 22.7 sec (842 ms encoding lightmaps, 127 ms encoding shadowmaps)
[2019.10.14-17.49.21:497][649]LogStaticLightingSystem: Lightmap texture memory:  3.0 MB (2.5 MB streaming, 0.5 MB non-streaming), 8 textures
[2019.10.14-17.49.21:497][649]LogStaticLightingSystem: Shadowmap texture memory: 3.0 MB (2.7 MB streaming, 0.3 MB non-streaming), 3 textures
[2019.10.14-17.49.21:676][649]DumpUnbuiltLightIteractions
[2019.10.14-17.49.21:676][649]Lights with unbuilt interactions: 0
[2019.10.14-17.49.21:676][649]
[2019.10.14-17.49.21:676][649]Primitives with unbuilt interactions: 0
[2019.10.14-17.49.21:744][649]Cmd: MAP CHECK DONTDISPLAYDIALOG
[2019.10.14-17.49.21:744][649]MapCheck: New page: TestMap_Room_without_light - Oct 14, 2019, 9:49:21 PM
[2019.10.14-17.49.21:745][649]MapCheck: Map check complete: 0 Error(s), 0 Warning(s), took 0.992ms to complete.
[2019.10.14-17.49.21:748][649]LogEditorBuildUtils: Build time 0:31
[2019.10.14-17.49.21:785][650]Cmd: MAP CHECK NOTIFYRESULTS
[2019.10.14-17.49.21:786][650]MapCheck: New page: TestMap_Room_without_light - Oct 14, 2019, 9:49:21 PM
[2019.10.14-17.49.21:787][650]MapCheck: Map check complete: 0 Error(s), 0 Warning(s), took 1.256ms to complete.
[2019.10.14-17.49.25:654][727]Cmd: OBJ SAVEPACKAGE PACKAGE="/Game/Maps/TestMap_Room_without_light" FILE="../../../../../../Github/ArchVisDemoV2/Content/Maps/TestMap_Room_without_light.umap" SILENT=true AUTOSAVING=false KEEPDIRTY=false
[2019.10.14-17.49.25:725][727]LogUObjectHash: Compacting FUObjectHashTables data took   1.63ms
[2019.10.14-17.49.26:223][727]LogSavePackage: Moving '../../../../../../Github/ArchVisDemoV2/Saved/TestMap_Room_without_light423FCADE4C4BA1EA1B30B7B848BB2D80.tmp' to '../../../../../../Github/ArchVisDemoV2/Content/Maps/TestMap_Room_without_light.umap'
[2019.10.14-17.49.26:369][727]Cmd: OBJ SAVEPACKAGE PACKAGE="/Game/Maps/TestMap_Room_without_light_BuiltData" FILE="../../../../../../Github/ArchVisDemoV2/Content/Maps/TestMap_Room_without_light_BuiltData.uasset" SILENT=true
[2019.10.14-17.49.26:910][727]LogSavePackage: Moving '../../../../../../Github/ArchVisDemoV2/Saved/TestMap_Room_without_light_Built1FC1957F4AF3CD92FBAD13A1F4D3443C.tmp' to '../../../../../../Github/ArchVisDemoV2/Content/Maps/TestMap_Room_without_light_BuiltData.uasset'
